#
# A fatal error has been detected by the Java Runtime Environment:
#
#  EXCEPTION_ACCESS_VIOLATION (0xc0000005) at pc=0x000001ebde3a91ab, pid=19040, tid=18732
#
# JRE version: Java(TM) SE Runtime Environment (19.0.2+7) (build 19.0.2+7-44)
# Java VM: Java HotSpot(TM) 64-Bit Server VM (19.0.2+7-44, mixed mode, sharing, tiered, compressed oops, compressed class ptrs, g1 gc, windows-amd64)
# Problematic frame:
#  com.sun.javafx.tk.quantum.QuantumToolkit$$Lambda$81+0x000000080103ba00.run()V javafx.graphics@19 (8 bytes) @ 0x000001ebde3a91ab [0x000001ebde3a8a00+0x00000000000007ab]
#
# No core dump will be written. Minidumps are not enabled by default on client versions of Windows
#
# If you would like to submit a bug report, please visit:
#   https://bugreport.java.com/bugreport/crash.jsp
# The crash happened outside the Java Virtual Machine in native code.
# See problematic frame for where to report the bug.
#

---------------  S U M M A R Y ------------

Command Line: -javaagent:C:\Program Files\JetBrains\IntelliJ IDEA Community Edition 2022.3.2\lib\idea_rt.jar=55306:C:\Program Files\JetBrains\IntelliJ IDEA Community Edition 2022.3.2\bin -Dfile.encoding=UTF-8 -Dsun.stdout.encoding=UTF-8 -Dsun.stderr.encoding=UTF-8 --module-path=C:\Users\Google Tceh\.m2\repository\org\openjfx\javafx-fxml\19\javafx-fxml-19-win.jar;C:\Users\Google Tceh\.m2\repository\org\openjfx\javafx-graphics\19\javafx-graphics-19-win.jar;C:\Users\Google Tceh\.m2\repository\org\controlsfx\controlsfx\11.1.2\controlsfx-11.1.2.jar;C:\Users\Google Tceh\.m2\repository\org\openjfx\javafx-base\19\javafx-base-19-win.jar;C:\Users\Google Tceh\.m2\repository\org\openjfx\javafx-controls\19\javafx-controls-19-win.jar;C:\Users\Google Tceh\.m2\repository\com\dlsc\formsfx\formsfx-core\11.5.0\formsfx-core-11.5.0.jar;D:\Asem\FX Project\switchSence\target\classes -Djdk.module.main=com.example.switchsence com.example.switchsence/com.example.switchsence.LoginExample

Host: Intel(R) Core(TM) i7-10510U CPU @ 1.80GHz, 8 cores, 7G,  Windows 11 , 64 bit Build 22621 (10.0.22621.1778)
Time: Sun Jun 18 07:55:05 2023 Jerusalem Daylight Time elapsed time: 118.702998 seconds (0d 0h 1m 58s)

---------------  T H R E A D  ---------------

Current thread (0x000001ebf1cc30a0):  JavaThread "Thread-2" daemon [_thread_in_native, id=18732, stack(0x000000cf31600000,0x000000cf31700000)]

Stack: [0x000000cf31600000,0x000000cf31700000],  sp=0x000000cf316ff938,  free space=1022k
Native frames: (J=compiled Java code, j=interpreted, Vv=VM code, C=native code)
C  0x000001ebde3a91ab


siginfo: EXCEPTION_ACCESS_VIOLATION (0xc0000005), writing address 0x00000000e03a8811


Registers:
RAX=0x00000000e03a8811, RBX=0x000001ebf30bee60, RCX=0x000001ebf30bee60, RDX=0x000001ebf1cc3360
RSP=0x000000cf316ff938, RBP=0x000001ebf2f76eb0, RSI=0x0000000000000010, RDI=0x00007ffef144ed60
R8 =0x0000000000000001, R9 =0x0000000000000001, R10=0x000001ebf29a16c0, R11=0x000000cf316ff8f0
R12=0x000000007ffe000c, R13=0x000000007ffe0008, R14=0x0000000000000000, R15=0x0000000000000000
RIP=0x000001ebde3a91ab, EFLAGS=0x0000000000010286


Register to memory mapping:

RIP=0x000001ebde3a91ab is at code_begin+1963 in 
RAX=0x00000000e03a8811 is an unallocated location in the heap
RBX=0x000001ebf30bee60 points into unknown readable memory: 0x000001ebde3a8821 | 21 88 3a de eb 01 00 00
RCX=0x000001ebf30bee60 points into unknown readable memory: 0x000001ebde3a8821 | 21 88 3a de eb 01 00 00
RDX=0x000001ebf1cc3360 points into unknown readable memory: 0x0000000000000000 | 00 00 00 00 00 00 00 00
RSP=0x000000cf316ff938 is pointing into the stack for thread: 0x000001ebf1cc30a0
RBP=0x000001ebf2f76eb0 points into unknown readable memory: 0x000001ebde3a9990 | 90 99 3a de eb 01 00 00
RSI=0x0000000000000010 is an unknown value
RDI=0x00007ffef144ed60 glass.dll
R8 =0x0000000000000001 is an unknown value
R9 =0x0000000000000001 is an unknown value
R10=0x000001ebf29a16c0 points into unknown readable memory: 0x0000001e00000000 | 00 00 00 00 1e 00 00 00
R11=0x000000cf316ff8f0 is pointing into the stack for thread: 0x000001ebf1cc30a0
R12=0x000000007ffe000c points into unknown readable memory: 02 00 00 00
R13=0x000000007ffe0008 points into unknown readable memory: 0x00000002832b54d0 | d0 54 2b 83 02 00 00 00
R14=0x0 is NULL
R15=0x0 is NULL


Top of Stack: (sp=0x000000cf316ff938)
0x000000cf316ff938:   00007ffef144ee63 000001ebf1cc3380
0x000000cf316ff948:   0000000000000010 000001ebf332fb20
0x000000cf316ff958:   0000000000000000 00007ffef144ed60
0x000000cf316ff968:   00007fff07ad21fb 00007fff07af7f20
0x000000cf316ff978:   00007fff07af7f20 00007fff07af7f20
0x000000cf316ff988:   0000000000000010 0000000000000000
0x000000cf316ff998:   0000000000000000 0000000000000000
0x000000cf316ff9a8:   0000000000000000 0000000000000002
0x000000cf316ff9b8:   0000000282e08ed7 0000000000000000
0x000000cf316ff9c8:   fffffffffffe3379 0000001000000000
0x000000cf316ff9d8:   0000000000000000 0000000000000000
0x000000cf316ff9e8:   0000000000000000 0000000000000000
0x000000cf316ff9f8:   0000000000000000 0000000000000000
0x000000cf316ffa08:   0000000000000000 0000000000000000
0x000000cf316ffa18:   0000000000000000 0000000000000550
0x000000cf316ffa28:   00000000000005fc 0000000000000000 

Instructions: (pc=0x000001ebde3a91ab)
0x000001ebde3a90ab:   ff d2 eb c5 48 8b d0 48 83 c4 70 5d e9 c4 b1 aa
0x000001ebde3a90bb:   ff 49 ba 02 8d 3a de eb 01 00 00 4d 89 97 90 03
0x000001ebde3a90cb:   00 00 e9 2e ed 9f ff f4 f4 f4 f4 f4 f4 f4 f4 f4
0x000001ebde3a90db:   f4 f4 f4 f4 f4 48 bb 00 00 00 00 00 00 00 00 e9
0x000001ebde3a90eb:   fb ff ff ff 48 bb 00 00 00 00 00 00 00 00 e9 fb
0x000001ebde3a90fb:   ff ff ff 48 bb 00 00 00 00 00 00 00 00 e9 fb ff
0x000001ebde3a910b:   ff ff 48 bb 00 00 00 00 00 00 00 00 e9 fb ff ff
0x000001ebde3a911b:   ff 48 bb 00 00 00 00 00 00 00 00 e9 fb ff ff ff
0x000001ebde3a912b:   e9 d0 fc a9 ff e8 00 00 00 00 48 83 2c 24 05 e9
0x000001ebde3a913b:   61 df 9f ff f4 68 f9 61 82 00 00 00 00 08 19 18
0x000001ebde3a914b:   ee eb 01 00 00 80 8b 08 ee eb 01 00 00 d0 47 08
0x000001ebde3a915b:   ee eb 01 00 00 e0 48 08 ee eb 01 00 00 48 19 12
0x000001ebde3a916b:   ee eb 01 00 00 60 0f 03 01 08 00 00 00 b0 11 03
0x000001ebde3a917b:   01 08 00 00 00 20 f2 02 00 08 00 00 00 00 e3 02
0x000001ebde3a918b:   00 08 00 00 00 f0 94 0b ee eb 01 00 00 f8 32 02
0x000001ebde3a919b:   01 08 00 00 00 ff 01 00 00 00 01 05 01 00 00 02
0x000001ebde3a91ab:   00 00 00 00 04 02 02 0a 00 00 0f 03 67 01 00 00
0x000001ebde3a91bb:   03 00 d9 02 01 00 00 c4 02 01 c1 07 00 c2 03 00
0x000001ebde3a91cb:   15 04 52 01 1b 24 04 00 d9 02 01 00 00 c4 02 00
0x000001ebde3a91db:   c2 03 01 c1 07 00 c9 01 00 15 04 55 01 31 3d 01
0x000001ebde3a91eb:   00 c2 01 0f 03 20 4a 00 00 01 00 d2 02 0f 03 2a
0x000001ebde3a91fb:   54 00 00 0f 03 3a 01 1b 00 04 00 d9 02 01 00 00
0x000001ebde3a920b:   c4 01 00 c2 02 0f 03 3d 01 64 00 01 02 00 01 c1
0x000001ebde3a921b:   07 00 d9 02 00 15 04 27 01 76 79 01 c1 07 00 c2
0x000001ebde3a922b:   01 00 15 04 00 4a 00 86 15 04 27 4a 00 86 01 00
0x000001ebde3a923b:   c2 03 01 c1 08 00 c2 03 00 93 05 00 99 00 9d 01
0x000001ebde3a924b:   00 c9 01 01 00 d3 02 0f 03 12 aa ae 00 0f 03 4f
0x000001ebde3a925b:   aa ae 00 0f 03 59 aa ae 00 0f 03 63 aa ae 00 0f
0x000001ebde3a926b:   03 08 aa ae 00 01 00 e9 01 01 c1 07 00 e9 01 00
0x000001ebde3a927b:   15 04 27 d0 00 00 d4 00 01 00 e9 02 01 c1 08 00
0x000001ebde3a928b:   e9 02 00 db 00 05 07 e3 00 ae e7 00 15 04 2d d0
0x000001ebde3a929b:   00 ae d4 00 00 01 05 01 76 00 0f 03 05 01 76 00 


Stack slot to memory mapping:
stack at sp + 0 slots: 0x00007ffef144ee63 glass.dll
stack at sp + 1 slots: 0x000001ebf1cc3380 points into unknown readable memory: 0x00007ffe612cf9a0 | a0 f9 2c 61 fe 7f 00 00
stack at sp + 2 slots: 0x0000000000000010 is an unknown value
stack at sp + 3 slots: 0x000001ebf332fb20 points into unknown readable memory: 0x0000000800431650 | 50 16 43 00 08 00 00 00
stack at sp + 4 slots: 0x0 is NULL
stack at sp + 5 slots: 0x00007ffef144ed60 glass.dll
stack at sp + 6 slots: 0x00007fff07ad21fb WINMM.dll
stack at sp + 7 slots: 0x00007fff07af7f20 WINMM.dll

--------------------------------------------------------------------------------
Decoding CodeBlob, name: nmethod, at  [0x000001ebde3a8a00, 0x000001ebde3a9140]  1856 bytes
[MachCode]
  0x000001ebde3a8a00: 448b 5208 | 49bb 0000 | 0000 0800 | 0000 4d03 | d349 3bc2 | 0f85 668d | 9fff 6690 | 0f1f 4000 
  0x000001ebde3a8a20: e9db 209b | ffff ff55 | 4883 ec70 | 8b7a 0c44 | 8b5f 4845 | 8b53 0c45 | 85d2 660f | 1f44 0000 
  0x000001ebde3a8a40: 0f84 d604 | 0000 448b | 574c 410f | b66a 0c85 | ed0f 857b | 0400 0044 | 8b57 500f | 1f44 0000 
  0x000001ebde3a8a60: 450f b65a | 0c48 8bf7 | 4585 db0f | 8507 0300 | 0044 8b57 | 4c41 0fb6 | 6a0c 85ed | 0f1f 4000 
  0x000001ebde3a8a80: 0f85 5a04 | 0000 448b | 5750 410f | b66a 0c85 | ed0f 8559 | 0400 0044 | 8b57 540f | 1f44 0000 
  0x000001ebde3a8aa0: 458b 5a0c | 4585 db0f | 8553 0400 | 0048 8d5c | 2450 488b | 06a8 0275 | 2348 83c8 | 0148 8903 
  0x000001ebde3a8ac0: f048 0fb1 | 1e0f 843d | 0000 0048 | 2bc4 4825 | 07f0 ffff | 4889 03e9 | 2c00 0000 | 4c8b d848 
  0x000001ebde3a8ae0: 33c0 f04d | 0fb1 7b3e | 48c7 0303 | 0000 000f | 8413 0000 | 004c 3bf8 | 0f85 0a00 | 0000 49ff 
  0x000001ebde3a8b00: 8386 0000 | 0048 33c0 | 0f85 2e03 | 0000 440f | b657 4545 | 85d2 0f84 | 7c02 0000 | 0f1f 4000 
  0x000001ebde3a8b20: 49ba f096 | e560 fe7f | 0000 41ff | d248 2b47 | 3048 3dfa | 0000 000f | 8cd3 0100 | 0044 8b5f 
  0x000001ebde3a8b40: 6845 85db | 0f84 e602 | 0000 4d8b | cb48 8d5c | 2458 498b | 01a8 0275 | 2348 83c8 | 0148 8903 
  0x000001ebde3a8b60: f049 0fb1 | 190f 843d | 0000 0048 | 2bc4 4825 | 07f0 ffff | 4889 03e9 | 2c00 0000 | 4c8b d048 
  0x000001ebde3a8b80: 33c0 f04d | 0fb1 7a3e | 48c7 0303 | 0000 000f | 8413 0000 | 004c 3bf8 | 0f85 0a00 | 0000 49ff 
  0x000001ebde3a8ba0: 8286 0000 | 0048 33c0 | 0f85 cb02 | 0000 4d8b | 5310 4d85 | d20f 847d | 0300 0048 | 8d44 2458 
  0x000001ebde3a8bc0: 4881 3800 | 0000 000f | 847c 0000 | 004d 8b11 | 41f6 c202 | 746b 4981 | ba86 0000 | 0000 0000 
  0x000001ebde3a8be0: 0074 0949 | ff8a 8600 | 0000 eb51 | 498b 8296 | 0000 0049 | 0b82 8e00 | 0000 750a | 49c7 423e 
  0x000001ebde3a8c00: 0000 0000 | eb43 4981 | ba9e 0000 | 0000 0000 | 0074 2548 | 33c0 49c7 | 423e 0000 | 0000 f083 
  0x000001ebde3a8c20: 0424 0049 | 81ba 9e00 | 0000 0000 | 0000 750d | f04d 0fb1 | 7a3e 7505 | 83c8 01eb | 0ca8 00eb 
  0x000001ebde3a8c40: 084c 8b10 | f04d 0fb1 | 110f 855f | 0200 0049 | bae8 fa61 | 8200 0000 | 0041 0fb6 | aa8b 0000 
  0x000001ebde3a8c60: 0085 ed0f | 85f7 0200 | 0048 8d44 | 2450 4881 | 3800 0000 | 000f 847c | 0000 004c | 8b16 41f6 
  0x000001ebde3a8c80: c202 746b | 4981 ba86 | 0000 0000 | 0000 0074 | 0949 ff8a | 8600 0000 | eb51 498b | 8296 0000 
  0x000001ebde3a8ca0: 0049 0b82 | 8e00 0000 | 750a 49c7 | 423e 0000 | 0000 eb43 | 4981 ba9e | 0000 0000 | 0000 0074 
  0x000001ebde3a8cc0: 2548 33c0 | 49c7 423e | 0000 0000 | f083 0424 | 0049 81ba | 9e00 0000 | 0000 0000 | 750d f04d 
  0x000001ebde3a8ce0: 0fb1 7a3e | 7505 83c8 | 01eb 0ca8 | 00eb 084c | 8b10 f04c | 0fb1 160f | 855f 0100 | 0048 83c4 
  0x000001ebde3a8d00: 705d 493b | a778 0300 | 000f 87ad | 0300 00c3 | 49ba e8fa | 6182 0000 | 0000 450f | b692 8b00 
  0x000001ebde3a8d20: 0000 4585 | d20f 843e | ffff ff48 | 8974 2430 | 897c 2420 | 0f1f 8400 | 0000 0000 | 6666 6690 
  0x000001ebde3a8d40: 49ba 4097 | e560 fe7f | 0000 41ff | d248 8944 | 2428 49ba | f056 6282 | 0000 0000 | 418b 6a78 
  0x000001ebde3a8d60: 488b d6e8 | 188d 9fff | baad ffff | ff48 8944 | 2430 90e8 | 88df 9fff | 4889 7424 | 208b ef48 
  0x000001ebde3a8d80: 8bd6 90e8 | f88c 9fff | 85c0 742a | 8bfd 488b | 7424 20e9 | d9fc ffff | c647 4501 | 0f1f 4000 
  0x000001ebde3a8da0: 49ba f096 | e560 fe7f | 0000 41ff | d248 8947 | 30e9 66fd | ffff 448b | 5d5c 498b | d348 8b6c 
  0x000001ebde3a8dc0: 2420 90e8 | b892 9fff | 49ba e8fa | 6182 0000 | 0000 450f | b69a 8b00 | 0000 660f | 1f44 0000 
  0x000001ebde3a8de0: 4585 db0f | 8414 ffff | ff49 ba40 | 97e5 60fe | 7f00 0041 | ffd2 4889 | 4424 2849 | baf0 5662 
  0x000001ebde3a8e00: 8200 0000 | 0041 8b6a | 7848 8b54 | 2420 90e8 | 6c8c 9fff | baad ffff | ff48 ff74 | 2428 488f 
  0x000001ebde3a8e20: 4424 2048 | 8944 2428 | 6666 90e8 | d0de 9fff | baf6 ffff | ff8b efe8 | c4de 9fff | 4889 7424 
  0x000001ebde3a8e40: 208b ef48 | 8bd6 4c8d | 4424 50e8 | b093 aaff | 8bfd 488b | 7424 20e9 | b2fc ffff | 488b ce48 
  0x000001ebde3a8e60: 8d54 2450 | 4d8b c749 | ba80 16ec | 60fe 7f00 | 0041 ffd2 | e984 feff | ff4c 894c | 2430 4489 
  0x000001ebde3a8e80: 5c24 2848 | 8974 2420 | 8bef 498b | d14c 8d44 | 2458 90e8 | 6893 aaff | 8bfd 488b | 7424 2044 
  0x000001ebde3a8ea0: 8b5c 2428 | 4c8b 4c24 | 30e9 00fd | ffff 498b | c948 8d54 | 2458 4d8b | c70f 1f80 | 0000 0000 
  0x000001ebde3a8ec0: 49ba 8016 | ec60 fe7f | 0000 41ff | d2e9 7dfd | ffff ba45 | ffff ff89 | 7c24 20e8 | 20de 9fff 
  0x000001ebde3a8ee0: ba45 ffff | ff89 7c24 | 2066 90e8 | 10de 9fff | ba45 ffff | ff89 7c24 | 2066 90e8 | 00de 9fff 
  0x000001ebde3a8f00: 4585 db40 | 0f95 c540 | 0fb6 edba | 45ff ffff | 897c 2420 | 6666 90e8 | e4dd 9fff | 4585 d240 
  0x000001ebde3a8f20: 0f95 c540 | 0fb6 edba | 45ff ffff | 897c 2420 | 6666 90e8 | c8dd 9fff | 4533 c04d | 3bd0 bdff 
  0x000001ebde3a8f40: ffff ff7c | 0840 0f95 | c540 0fb6 | edba 45ff | ffff 897c | 2424 4489 | 5c24 2ce8 | a0dd 9fff 
  0x000001ebde3a8f60: ba45 ffff | ff89 7c24 | 2466 90e8 | 90dd 9fff | baf6 ffff | ff66 90e8 | 84dd 9fff | baf6 ffff 
  0x000001ebde3a8f80: ff66 90e8 | 78dd 9fff | baf6 ffff | ff66 90e8 | 6cdd 9fff | baf6 ffff | ff66 90e8 | 60dd 9fff 
  0x000001ebde3a8fa0: baf6 ffff | ff66 90e8 | 54dd 9fff | baf6 ffff | ff66 90e8 | 48dd 9fff | baf6 ffff | ff66 90e8 
  0x000001ebde3a8fc0: 3cdd 9fff | 488b d0e9 | ab00 0000 | 488b d0e9 | a300 0000 | 488b d0e9 | 9b00 0000 | 488b d84c 
  0x000001ebde3a8fe0: 8b5c 2430 | 488d 4424 | 5048 8138 | 0000 0000 | 0f84 7c00 | 0000 4d8b | 1341 f6c2 | 0274 6b49 
  0x000001ebde3a9000: 81ba 8600 | 0000 0000 | 0000 7409 | 49ff 8a86 | 0000 00eb | 5149 8b82 | 9600 0000 | 490b 828e 
  0x000001ebde3a9020: 0000 0075 | 0a49 c742 | 3e00 0000 | 00eb 4349 | 81ba 9e00 | 0000 0000 | 0000 7425 | 4833 c049 
  0x000001ebde3a9040: c742 3e00 | 0000 00f0 | 8304 2400 | 4981 ba9e | 0000 0000 | 0000 0075 | 0df0 4d0f | b17a 3e75 
  0x000001ebde3a9060: 0583 c801 | eb0c a800 | eb08 4c8b | 10f0 4d0f | b113 7521 | 488b d349 | baf0 5662 | 8200 0000 
  0x000001ebde3a9080: 0045 8b5a | 784d 8bc3 | 6666 90e8 | f089 9fff | e968 fcff | ff49 8bcb | 488d 5424 | 504d 8bc7 
  0x000001ebde3a90a0: 49ba 8016 | ec60 fe7f | 0000 41ff | d2eb c548 | 8bd0 4883 | c470 5de9 | c4b1 aaff | 49ba 028d 
  0x000001ebde3a90c0: 3ade eb01 | 0000 4d89 | 9790 0300 | 00e9 2eed | 9fff f4f4 | f4f4 f4f4 | f4f4 f4f4 | f4f4 f4f4 
  0x000001ebde3a90e0: 48bb 0000 | 0000 0000 | 0000 e9fb | ffff ff48 | bb00 0000 | 0000 0000 | 00e9 fbff | ffff 48bb 
  0x000001ebde3a9100: 0000 0000 | 0000 0000 | e9fb ffff | ff48 bb00 | 0000 0000 | 0000 00e9 | fbff ffff | 48bb 0000 
  0x000001ebde3a9120: 0000 0000 | 0000 e9fb | ffff ffe9 | d0fc a9ff | e800 0000 | 0048 832c | 2405 e961 | df9f fff4 
[/MachCode]
--------------------------------------------------------------------------------


---------------  P R O C E S S  ---------------

Threads class SMR info:
_java_thread_list=0x000001ebf7fc02d0, length=21, elements={
0x000001ebcd0a1480, 0x000001ebed7ec060, 0x000001ebed7ecc60, 0x000001ebed7f1be0,
0x000001ebed7f4520, 0x000001ebed7f5e60, 0x000001ebed7fe7a0, 0x000001ebed804910,
0x000001ebed806290, 0x000001ebed80f3d0, 0x000001ebf1cc35f0, 0x000001ebf1cc4090,
0x000001ebf1cc4b30, 0x000001ebf1cc55d0, 0x000001ebf1cc5b20, 0x000001ebf1cc5080,
0x000001ebf1cc45e0, 0x000001ebf1cc30a0, 0x000001ebf1cc3b40, 0x000001ebf3712670,
0x000001ebf3711680
}

Java Threads: ( => current thread )
  0x000001ebcd0a1480 JavaThread "main" [_thread_blocked, id=5888, stack(0x000000cf2fa00000,0x000000cf2fb00000)]
  0x000001ebed7ec060 JavaThread "Reference Handler" daemon [_thread_blocked, id=13512, stack(0x000000cf30100000,0x000000cf30200000)]
  0x000001ebed7ecc60 JavaThread "Finalizer" daemon [_thread_blocked, id=17568, stack(0x000000cf30200000,0x000000cf30300000)]
  0x000001ebed7f1be0 JavaThread "Signal Dispatcher" daemon [_thread_blocked, id=1812, stack(0x000000cf30300000,0x000000cf30400000)]
  0x000001ebed7f4520 JavaThread "Attach Listener" daemon [_thread_blocked, id=14436, stack(0x000000cf30400000,0x000000cf30500000)]
  0x000001ebed7f5e60 JavaThread "Service Thread" daemon [_thread_blocked, id=13680, stack(0x000000cf30500000,0x000000cf30600000)]
  0x000001ebed7fe7a0 JavaThread "Monitor Deflation Thread" daemon [_thread_blocked, id=15752, stack(0x000000cf30600000,0x000000cf30700000)]
  0x000001ebed804910 JavaThread "C2 CompilerThread0" daemon [_thread_blocked, id=16424, stack(0x000000cf30700000,0x000000cf30800000)]
  0x000001ebed806290 JavaThread "C1 CompilerThread0" daemon [_thread_blocked, id=21064, stack(0x000000cf30800000,0x000000cf30900000)]
  0x000001ebed80f3d0 JavaThread "Sweeper thread" daemon [_thread_blocked, id=17620, stack(0x000000cf30900000,0x000000cf30a00000)]
  0x000001ebf1cc35f0 JavaThread "Common-Cleaner" daemon [_thread_blocked, id=15744, stack(0x000000cf30a00000,0x000000cf30b00000)]
  0x000001ebf1cc4090 JavaThread "Monitor Ctrl-Break" daemon [_thread_in_native, id=13644, stack(0x000000cf30d00000,0x000000cf30e00000)]
  0x000001ebf1cc4b30 JavaThread "Notification Thread" daemon [_thread_blocked, id=7732, stack(0x000000cf30e00000,0x000000cf30f00000)]
  0x000001ebf1cc55d0 JavaThread "QuantumRenderer-0" daemon [_thread_blocked, id=7820, stack(0x000000cf31000000,0x000000cf31100000)]
  0x000001ebf1cc5b20 JavaThread "InvokeLaterDispatcher" daemon [_thread_blocked, id=7800, stack(0x000000cf31100000,0x000000cf31200000)]
  0x000001ebf1cc5080 JavaThread "JavaFX Application Thread" [_thread_blocked, id=1524, stack(0x000000cf31200000,0x000000cf31300000)]
  0x000001ebf1cc45e0 JavaThread "JavaFX-Launcher" [_thread_blocked, id=20872, stack(0x000000cf31700000,0x000000cf31800000)]
=>0x000001ebf1cc30a0 JavaThread "Thread-2" daemon [_thread_in_native, id=18732, stack(0x000000cf31600000,0x000000cf31700000)]
  0x000001ebf1cc3b40 JavaThread "Prism Font Disposer" daemon [_thread_blocked, id=8532, stack(0x000000cf31d00000,0x000000cf31e00000)]
  0x000001ebf3712670 JavaThread "Cleaner-0" daemon [_thread_blocked, id=13200, stack(0x000000cf30c00000,0x000000cf30d00000)]
  0x000001ebf3711680 JavaThread "Glass/Prism Shutdown Hook" [_thread_in_vm, id=20584, stack(0x000000cf2f700000,0x000000cf2f800000)]

Other Threads:
  0x000001ebed7d08a0 VMThread "VM Thread" [stack: 0x000000cf30000000,0x000000cf30100000] [id=4320]
  0x000001ebf256e580 WatcherThread "VM Periodic Task Thread" [stack: 0x000000cf30f00000,0x000000cf31000000] [id=14848]
  0x000001ebcd1005a0 WorkerThread "GC Thread#0" [stack: 0x000000cf2fb00000,0x000000cf2fc00000] [id=3580]
  0x000001ebf2f3fa20 WorkerThread "GC Thread#1" [stack: 0x000000cf31800000,0x000000cf31900000] [id=6644]
  0x000001ebf2fe9150 WorkerThread "GC Thread#2" [stack: 0x000000cf31900000,0x000000cf31a00000] [id=3768]
  0x000001ebf2fe9830 WorkerThread "GC Thread#3" [stack: 0x000000cf31a00000,0x000000cf31b00000] [id=20924]
  0x000001ebf2fe3030 WorkerThread "GC Thread#4" [stack: 0x000000cf31b00000,0x000000cf31c00000] [id=2084]
  0x000001ebf2ff2570 WorkerThread "GC Thread#5" [stack: 0x000000cf31c00000,0x000000cf31d00000] [id=4768]
  0x000001ebf2ff1a30 WorkerThread "GC Thread#6" [stack: 0x000000cf2f900000,0x000000cf2fa00000] [id=21332]
  0x000001ebf2ff2840 WorkerThread "GC Thread#7" [stack: 0x000000cf30b00000,0x000000cf30c00000] [id=7336]
  0x000001ebcd111410 ConcurrentGCThread "G1 Main Marker" [stack: 0x000000cf2fc00000,0x000000cf2fd00000] [id=2456]
  0x000001ebcd1135f0 WorkerThread "G1 Conc#0" [stack: 0x000000cf2fd00000,0x000000cf2fe00000] [id=18272]
  0x000001ebcd15e6e0 ConcurrentGCThread "G1 Refine#0" [stack: 0x000000cf2fe00000,0x000000cf2ff00000] [id=16744]
  0x000001ebed68d640 ConcurrentGCThread "G1 Service" [stack: 0x000000cf2ff00000,0x000000cf30000000] [id=16532]

Threads with active compile tasks:
C1 CompilerThread0   119378 2031   !   3       java.lang.ref.ReferenceQueue::remove (61 bytes)

VM state: not at safepoint (normal execution)

VM Mutex/Monitor currently owned by a thread:  ([mutex/lock_event])
[0x000001ebcd09d070] CodeCache_lock - owner thread: 0x000001ebf3711680
[0x000001ebcd09cd10] Compile_lock - owner thread: 0x000001ebf3711680

Heap address: 0x0000000082600000, size: 2010 MB, Compressed Oops mode: 32-bit

CDS archive(s) mapped at: [0x0000000800000000-0x0000000800c40000-0x0000000800c40000), size 12845056, SharedBaseAddress: 0x0000000800000000, ArchiveRelocationMode: 0.
Compressed class space mapped at: 0x0000000801000000-0x0000000841000000, reserved size: 1073741824
Narrow klass base: 0x0000000800000000, Narrow klass shift: 0, Narrow klass range: 0x100000000

GC Precious Log:
 CardTable entry size: 512
 Card Set container configuration: InlinePtr #cards 5 size 8 Array Of Cards #cards 12 size 40 Howl #buckets 4 coarsen threshold 1843 Howl Bitmap #cards 512 size 80 coarsen threshold 460 Card regions per heap region 1 cards per card region 2048
 CPUs: 8 total, 8 available
 Memory: 8039M
 Large Page Support: Disabled
 NUMA Support: Disabled
 Compressed Oops: Enabled (32-bit)
 Heap Region Size: 1M
 Heap Min Capacity: 8M
 Heap Initial Capacity: 126M
 Heap Max Capacity: 2010M
 Pre-touch: Disabled
 Parallel Workers: 8
 Concurrent Workers: 2
 Concurrent Refinement Workers: 8
 Periodic GC: Disabled

Heap:
 garbage-first heap   total 129024K, used 9869K [0x0000000082600000, 0x0000000100000000)
  region size 1024K, 6 young (6144K), 5 survivors (5120K)
 Metaspace       used 15329K, committed 15680K, reserved 1114112K
  class space    used 2225K, committed 2368K, reserved 1048576K

Heap Regions: E=young(eden), S=young(survivor), O=old, HS=humongous(starts), HC=humongous(continues), CS=collection set, F=free, OA=open archive, CA=closed archive, TAMS=top-at-mark-start (previous, next)
|   0|0x0000000082600000, 0x0000000082700000, 0x0000000082700000|100%| O|  |TAMS 0x0000000082600000, 0x0000000082600000| Untracked 
|   1|0x0000000082700000, 0x0000000082800000, 0x0000000082800000|100%|HS|  |TAMS 0x0000000082700000, 0x0000000082700000| Complete 
|   2|0x0000000082800000, 0x0000000082900000, 0x0000000082900000|100%|HC|  |TAMS 0x0000000082800000, 0x0000000082800000| Complete 
|   3|0x0000000082900000, 0x0000000082a00000, 0x0000000082a00000|100%| O|  |TAMS 0x0000000082900000, 0x0000000082900000| Untracked 
|   4|0x0000000082a00000, 0x0000000082b00000, 0x0000000082b00000|100%| O|  |TAMS 0x0000000082a00000, 0x0000000082a00000| Untracked 
|   5|0x0000000082b00000, 0x0000000082b1be00, 0x0000000082c00000| 10%| O|  |TAMS 0x0000000082b00000, 0x0000000082b00000| Untracked 
|   6|0x0000000082c00000, 0x0000000082c00000, 0x0000000082d00000|  0%| F|  |TAMS 0x0000000082c00000, 0x0000000082c00000| Untracked 
|   7|0x0000000082d00000, 0x0000000082d00000, 0x0000000082e00000|  0%| F|  |TAMS 0x0000000082d00000, 0x0000000082d00000| Untracked 
|   8|0x0000000082e00000, 0x0000000082e00000, 0x0000000082f00000|  0%| F|  |TAMS 0x0000000082e00000, 0x0000000082e00000| Untracked 
|   9|0x0000000082f00000, 0x0000000082f00000, 0x0000000083000000|  0%| F|  |TAMS 0x0000000082f00000, 0x0000000082f00000| Untracked 
|  10|0x0000000083000000, 0x0000000083000000, 0x0000000083100000|  0%| F|  |TAMS 0x0000000083000000, 0x0000000083000000| Untracked 
|  11|0x0000000083100000, 0x0000000083100000, 0x0000000083200000|  0%| F|  |TAMS 0x0000000083100000, 0x0000000083100000| Untracked 
|  12|0x0000000083200000, 0x0000000083200000, 0x0000000083300000|  0%| F|  |TAMS 0x0000000083200000, 0x0000000083200000| Untracked 
|  13|0x0000000083300000, 0x0000000083300000, 0x0000000083400000|  0%| F|  |TAMS 0x0000000083300000, 0x0000000083300000| Untracked 
|  14|0x0000000083400000, 0x0000000083400000, 0x0000000083500000|  0%| F|  |TAMS 0x0000000083400000, 0x0000000083400000| Untracked 
|  15|0x0000000083500000, 0x0000000083500000, 0x0000000083600000|  0%| F|  |TAMS 0x0000000083500000, 0x0000000083500000| Untracked 
|  16|0x0000000083600000, 0x0000000083600000, 0x0000000083700000|  0%| F|  |TAMS 0x0000000083600000, 0x0000000083600000| Untracked 
|  17|0x0000000083700000, 0x0000000083700000, 0x0000000083800000|  0%| F|  |TAMS 0x0000000083700000, 0x0000000083700000| Untracked 
|  18|0x0000000083800000, 0x0000000083800000, 0x0000000083900000|  0%| F|  |TAMS 0x0000000083800000, 0x0000000083800000| Untracked 
|  19|0x0000000083900000, 0x0000000083900000, 0x0000000083a00000|  0%| F|  |TAMS 0x0000000083900000, 0x0000000083900000| Untracked 
|  20|0x0000000083a00000, 0x0000000083a00000, 0x0000000083b00000|  0%| F|  |TAMS 0x0000000083a00000, 0x0000000083a00000| Untracked 
|  21|0x0000000083b00000, 0x0000000083b00000, 0x0000000083c00000|  0%| F|  |TAMS 0x0000000083b00000, 0x0000000083b00000| Untracked 
|  22|0x0000000083c00000, 0x0000000083c00000, 0x0000000083d00000|  0%| F|  |TAMS 0x0000000083c00000, 0x0000000083c00000| Untracked 
|  23|0x0000000083d00000, 0x0000000083d00000, 0x0000000083e00000|  0%| F|  |TAMS 0x0000000083d00000, 0x0000000083d00000| Untracked 
|  24|0x0000000083e00000, 0x0000000083e00000, 0x0000000083f00000|  0%| F|  |TAMS 0x0000000083e00000, 0x0000000083e00000| Untracked 
|  25|0x0000000083f00000, 0x0000000083f00000, 0x0000000084000000|  0%| F|  |TAMS 0x0000000083f00000, 0x0000000083f00000| Untracked 
|  26|0x0000000084000000, 0x0000000084000000, 0x0000000084100000|  0%| F|  |TAMS 0x0000000084000000, 0x0000000084000000| Untracked 
|  27|0x0000000084100000, 0x0000000084100000, 0x0000000084200000|  0%| F|  |TAMS 0x0000000084100000, 0x0000000084100000| Untracked 
|  28|0x0000000084200000, 0x0000000084200000, 0x0000000084300000|  0%| F|  |TAMS 0x0000000084200000, 0x0000000084200000| Untracked 
|  29|0x0000000084300000, 0x0000000084300000, 0x0000000084400000|  0%| F|  |TAMS 0x0000000084300000, 0x0000000084300000| Untracked 
|  30|0x0000000084400000, 0x0000000084400000, 0x0000000084500000|  0%| F|  |TAMS 0x0000000084400000, 0x0000000084400000| Untracked 
|  31|0x0000000084500000, 0x0000000084500000, 0x0000000084600000|  0%| F|  |TAMS 0x0000000084500000, 0x0000000084500000| Untracked 
|  32|0x0000000084600000, 0x0000000084600000, 0x0000000084700000|  0%| F|  |TAMS 0x0000000084600000, 0x0000000084600000| Untracked 
|  33|0x0000000084700000, 0x0000000084700000, 0x0000000084800000|  0%| F|  |TAMS 0x0000000084700000, 0x0000000084700000| Untracked 
|  34|0x0000000084800000, 0x0000000084800000, 0x0000000084900000|  0%| F|  |TAMS 0x0000000084800000, 0x0000000084800000| Untracked 
|  35|0x0000000084900000, 0x0000000084900000, 0x0000000084a00000|  0%| F|  |TAMS 0x0000000084900000, 0x0000000084900000| Untracked 
|  36|0x0000000084a00000, 0x0000000084a00000, 0x0000000084b00000|  0%| F|  |TAMS 0x0000000084a00000, 0x0000000084a00000| Untracked 
|  37|0x0000000084b00000, 0x0000000084b00000, 0x0000000084c00000|  0%| F|  |TAMS 0x0000000084b00000, 0x0000000084b00000| Untracked 
|  38|0x0000000084c00000, 0x0000000084c00000, 0x0000000084d00000|  0%| F|  |TAMS 0x0000000084c00000, 0x0000000084c00000| Untracked 
|  39|0x0000000084d00000, 0x0000000084d00000, 0x0000000084e00000|  0%| F|  |TAMS 0x0000000084d00000, 0x0000000084d00000| Untracked 
|  40|0x0000000084e00000, 0x0000000084e00000, 0x0000000084f00000|  0%| F|  |TAMS 0x0000000084e00000, 0x0000000084e00000| Untracked 
|  41|0x0000000084f00000, 0x0000000084f00000, 0x0000000085000000|  0%| F|  |TAMS 0x0000000084f00000, 0x0000000084f00000| Untracked 
|  42|0x0000000085000000, 0x0000000085000000, 0x0000000085100000|  0%| F|  |TAMS 0x0000000085000000, 0x0000000085000000| Untracked 
|  43|0x0000000085100000, 0x0000000085100000, 0x0000000085200000|  0%| F|  |TAMS 0x0000000085100000, 0x0000000085100000| Untracked 
|  44|0x0000000085200000, 0x0000000085200000, 0x0000000085300000|  0%| F|  |TAMS 0x0000000085200000, 0x0000000085200000| Untracked 
|  45|0x0000000085300000, 0x0000000085300000, 0x0000000085400000|  0%| F|  |TAMS 0x0000000085300000, 0x0000000085300000| Untracked 
|  46|0x0000000085400000, 0x0000000085400000, 0x0000000085500000|  0%| F|  |TAMS 0x0000000085400000, 0x0000000085400000| Untracked 
|  47|0x0000000085500000, 0x0000000085500000, 0x0000000085600000|  0%| F|  |TAMS 0x0000000085500000, 0x0000000085500000| Untracked 
|  48|0x0000000085600000, 0x0000000085600000, 0x0000000085700000|  0%| F|  |TAMS 0x0000000085600000, 0x0000000085600000| Untracked 
|  49|0x0000000085700000, 0x0000000085700000, 0x0000000085800000|  0%| F|  |TAMS 0x0000000085700000, 0x0000000085700000| Untracked 
|  50|0x0000000085800000, 0x0000000085800000, 0x0000000085900000|  0%| F|  |TAMS 0x0000000085800000, 0x0000000085800000| Untracked 
|  51|0x0000000085900000, 0x0000000085900000, 0x0000000085a00000|  0%| F|  |TAMS 0x0000000085900000, 0x0000000085900000| Untracked 
|  52|0x0000000085a00000, 0x0000000085a00000, 0x0000000085b00000|  0%| F|  |TAMS 0x0000000085a00000, 0x0000000085a00000| Untracked 
|  53|0x0000000085b00000, 0x0000000085b00000, 0x0000000085c00000|  0%| F|  |TAMS 0x0000000085b00000, 0x0000000085b00000| Untracked 
|  54|0x0000000085c00000, 0x0000000085c00000, 0x0000000085d00000|  0%| F|  |TAMS 0x0000000085c00000, 0x0000000085c00000| Untracked 
|  55|0x0000000085d00000, 0x0000000085d00000, 0x0000000085e00000|  0%| F|  |TAMS 0x0000000085d00000, 0x0000000085d00000| Untracked 
|  56|0x0000000085e00000, 0x0000000085e00000, 0x0000000085f00000|  0%| F|  |TAMS 0x0000000085e00000, 0x0000000085e00000| Untracked 
|  57|0x0000000085f00000, 0x0000000085f00000, 0x0000000086000000|  0%| F|  |TAMS 0x0000000085f00000, 0x0000000085f00000| Untracked 
|  58|0x0000000086000000, 0x0000000086000000, 0x0000000086100000|  0%| F|  |TAMS 0x0000000086000000, 0x0000000086000000| Untracked 
|  59|0x0000000086100000, 0x0000000086100000, 0x0000000086200000|  0%| F|  |TAMS 0x0000000086100000, 0x0000000086100000| Untracked 
|  60|0x0000000086200000, 0x0000000086200000, 0x0000000086300000|  0%| F|  |TAMS 0x0000000086200000, 0x0000000086200000| Untracked 
|  61|0x0000000086300000, 0x0000000086300000, 0x0000000086400000|  0%| F|  |TAMS 0x0000000086300000, 0x0000000086300000| Untracked 
|  62|0x0000000086400000, 0x0000000086400000, 0x0000000086500000|  0%| F|  |TAMS 0x0000000086400000, 0x0000000086400000| Untracked 
|  63|0x0000000086500000, 0x0000000086500000, 0x0000000086600000|  0%| F|  |TAMS 0x0000000086500000, 0x0000000086500000| Untracked 
|  64|0x0000000086600000, 0x0000000086600000, 0x0000000086700000|  0%| F|  |TAMS 0x0000000086600000, 0x0000000086600000| Untracked 
|  65|0x0000000086700000, 0x0000000086700000, 0x0000000086800000|  0%| F|  |TAMS 0x0000000086700000, 0x0000000086700000| Untracked 
|  66|0x0000000086800000, 0x0000000086800000, 0x0000000086900000|  0%| F|  |TAMS 0x0000000086800000, 0x0000000086800000| Untracked 
|  67|0x0000000086900000, 0x0000000086900000, 0x0000000086a00000|  0%| F|  |TAMS 0x0000000086900000, 0x0000000086900000| Untracked 
|  68|0x0000000086a00000, 0x0000000086a00000, 0x0000000086b00000|  0%| F|  |TAMS 0x0000000086a00000, 0x0000000086a00000| Untracked 
|  69|0x0000000086b00000, 0x0000000086b00000, 0x0000000086c00000|  0%| F|  |TAMS 0x0000000086b00000, 0x0000000086b00000| Untracked 
|  70|0x0000000086c00000, 0x0000000086c00000, 0x0000000086d00000|  0%| F|  |TAMS 0x0000000086c00000, 0x0000000086c00000| Untracked 
|  71|0x0000000086d00000, 0x0000000086d00000, 0x0000000086e00000|  0%| F|  |TAMS 0x0000000086d00000, 0x0000000086d00000| Untracked 
|  72|0x0000000086e00000, 0x0000000086e00000, 0x0000000086f00000|  0%| F|  |TAMS 0x0000000086e00000, 0x0000000086e00000| Untracked 
|  73|0x0000000086f00000, 0x0000000086f00000, 0x0000000087000000|  0%| F|  |TAMS 0x0000000086f00000, 0x0000000086f00000| Untracked 
|  74|0x0000000087000000, 0x0000000087000000, 0x0000000087100000|  0%| F|  |TAMS 0x0000000087000000, 0x0000000087000000| Untracked 
|  75|0x0000000087100000, 0x0000000087100000, 0x0000000087200000|  0%| F|  |TAMS 0x0000000087100000, 0x0000000087100000| Untracked 
|  76|0x0000000087200000, 0x0000000087200000, 0x0000000087300000|  0%| F|  |TAMS 0x0000000087200000, 0x0000000087200000| Untracked 
|  77|0x0000000087300000, 0x0000000087300000, 0x0000000087400000|  0%| F|  |TAMS 0x0000000087300000, 0x0000000087300000| Untracked 
|  78|0x0000000087400000, 0x0000000087400000, 0x0000000087500000|  0%| F|  |TAMS 0x0000000087400000, 0x0000000087400000| Untracked 
|  79|0x0000000087500000, 0x0000000087500000, 0x0000000087600000|  0%| F|  |TAMS 0x0000000087500000, 0x0000000087500000| Untracked 
|  80|0x0000000087600000, 0x0000000087600000, 0x0000000087700000|  0%| F|  |TAMS 0x0000000087600000, 0x0000000087600000| Untracked 
|  81|0x0000000087700000, 0x0000000087700000, 0x0000000087800000|  0%| F|  |TAMS 0x0000000087700000, 0x0000000087700000| Untracked 
|  82|0x0000000087800000, 0x0000000087800000, 0x0000000087900000|  0%| F|  |TAMS 0x0000000087800000, 0x0000000087800000| Untracked 
|  83|0x0000000087900000, 0x0000000087900000, 0x0000000087a00000|  0%| F|  |TAMS 0x0000000087900000, 0x0000000087900000| Untracked 
|  84|0x0000000087a00000, 0x0000000087a00000, 0x0000000087b00000|  0%| F|  |TAMS 0x0000000087a00000, 0x0000000087a00000| Untracked 
|  85|0x0000000087b00000, 0x0000000087b877d0, 0x0000000087c00000| 52%| S|CS|TAMS 0x0000000087b00000, 0x0000000087b00000| Complete 
|  86|0x0000000087c00000, 0x0000000087d00000, 0x0000000087d00000|100%| S|CS|TAMS 0x0000000087c00000, 0x0000000087c00000| Complete 
|  87|0x0000000087d00000, 0x0000000087e00000, 0x0000000087e00000|100%| S|CS|TAMS 0x0000000087d00000, 0x0000000087d00000| Complete 
|  88|0x0000000087e00000, 0x0000000087f00000, 0x0000000087f00000|100%| S|CS|TAMS 0x0000000087e00000, 0x0000000087e00000| Complete 
|  89|0x0000000087f00000, 0x0000000088000000, 0x0000000088000000|100%| S|CS|TAMS 0x0000000087f00000, 0x0000000087f00000| Complete 
|  90|0x0000000088000000, 0x0000000088000000, 0x0000000088100000|  0%| F|  |TAMS 0x0000000088000000, 0x0000000088000000| Untracked 
|  91|0x0000000088100000, 0x0000000088100000, 0x0000000088200000|  0%| F|  |TAMS 0x0000000088100000, 0x0000000088100000| Untracked 
|  92|0x0000000088200000, 0x0000000088200000, 0x0000000088300000|  0%| F|  |TAMS 0x0000000088200000, 0x0000000088200000| Untracked 
|  93|0x0000000088300000, 0x0000000088300000, 0x0000000088400000|  0%| F|  |TAMS 0x0000000088300000, 0x0000000088300000| Untracked 
|  94|0x0000000088400000, 0x0000000088400000, 0x0000000088500000|  0%| F|  |TAMS 0x0000000088400000, 0x0000000088400000| Untracked 
|  95|0x0000000088500000, 0x0000000088500000, 0x0000000088600000|  0%| F|  |TAMS 0x0000000088500000, 0x0000000088500000| Untracked 
|  96|0x0000000088600000, 0x0000000088600000, 0x0000000088700000|  0%| F|  |TAMS 0x0000000088600000, 0x0000000088600000| Untracked 
|  97|0x0000000088700000, 0x0000000088700000, 0x0000000088800000|  0%| F|  |TAMS 0x0000000088700000, 0x0000000088700000| Untracked 
|  98|0x0000000088800000, 0x0000000088800000, 0x0000000088900000|  0%| F|  |TAMS 0x0000000088800000, 0x0000000088800000| Untracked 
|  99|0x0000000088900000, 0x0000000088900000, 0x0000000088a00000|  0%| F|  |TAMS 0x0000000088900000, 0x0000000088900000| Untracked 
| 100|0x0000000088a00000, 0x0000000088a00000, 0x0000000088b00000|  0%| F|  |TAMS 0x0000000088a00000, 0x0000000088a00000| Untracked 
| 101|0x0000000088b00000, 0x0000000088b00000, 0x0000000088c00000|  0%| F|  |TAMS 0x0000000088b00000, 0x0000000088b00000| Untracked 
| 102|0x0000000088c00000, 0x0000000088c00000, 0x0000000088d00000|  0%| F|  |TAMS 0x0000000088c00000, 0x0000000088c00000| Untracked 
| 103|0x0000000088d00000, 0x0000000088d00000, 0x0000000088e00000|  0%| F|  |TAMS 0x0000000088d00000, 0x0000000088d00000| Untracked 
| 104|0x0000000088e00000, 0x0000000088e00000, 0x0000000088f00000|  0%| F|  |TAMS 0x0000000088e00000, 0x0000000088e00000| Untracked 
| 105|0x0000000088f00000, 0x0000000088f00000, 0x0000000089000000|  0%| F|  |TAMS 0x0000000088f00000, 0x0000000088f00000| Untracked 
| 106|0x0000000089000000, 0x0000000089000000, 0x0000000089100000|  0%| F|  |TAMS 0x0000000089000000, 0x0000000089000000| Untracked 
| 107|0x0000000089100000, 0x0000000089100000, 0x0000000089200000|  0%| F|  |TAMS 0x0000000089100000, 0x0000000089100000| Untracked 
| 108|0x0000000089200000, 0x0000000089200000, 0x0000000089300000|  0%| F|  |TAMS 0x0000000089200000, 0x0000000089200000| Untracked 
| 109|0x0000000089300000, 0x0000000089300000, 0x0000000089400000|  0%| F|  |TAMS 0x0000000089300000, 0x0000000089300000| Untracked 
| 110|0x0000000089400000, 0x0000000089400000, 0x0000000089500000|  0%| F|  |TAMS 0x0000000089400000, 0x0000000089400000| Untracked 
| 111|0x0000000089500000, 0x0000000089500000, 0x0000000089600000|  0%| F|  |TAMS 0x0000000089500000, 0x0000000089500000| Untracked 
| 112|0x0000000089600000, 0x0000000089600000, 0x0000000089700000|  0%| F|  |TAMS 0x0000000089600000, 0x0000000089600000| Untracked 
| 113|0x0000000089700000, 0x0000000089700000, 0x0000000089800000|  0%| F|  |TAMS 0x0000000089700000, 0x0000000089700000| Untracked 
| 114|0x0000000089800000, 0x0000000089800000, 0x0000000089900000|  0%| F|  |TAMS 0x0000000089800000, 0x0000000089800000| Untracked 
| 115|0x0000000089900000, 0x0000000089900000, 0x0000000089a00000|  0%| F|  |TAMS 0x0000000089900000, 0x0000000089900000| Untracked 
| 116|0x0000000089a00000, 0x0000000089a00000, 0x0000000089b00000|  0%| F|  |TAMS 0x0000000089a00000, 0x0000000089a00000| Untracked 
| 117|0x0000000089b00000, 0x0000000089b00000, 0x0000000089c00000|  0%| F|  |TAMS 0x0000000089b00000, 0x0000000089b00000| Untracked 
| 118|0x0000000089c00000, 0x0000000089c00000, 0x0000000089d00000|  0%| F|  |TAMS 0x0000000089c00000, 0x0000000089c00000| Untracked 
| 119|0x0000000089d00000, 0x0000000089d00000, 0x0000000089e00000|  0%| F|  |TAMS 0x0000000089d00000, 0x0000000089d00000| Untracked 
| 120|0x0000000089e00000, 0x0000000089e00000, 0x0000000089f00000|  0%| F|  |TAMS 0x0000000089e00000, 0x0000000089e00000| Untracked 
| 121|0x0000000089f00000, 0x0000000089f00000, 0x000000008a000000|  0%| F|  |TAMS 0x0000000089f00000, 0x0000000089f00000| Untracked 
| 122|0x000000008a000000, 0x000000008a000000, 0x000000008a100000|  0%| F|  |TAMS 0x000000008a000000, 0x000000008a000000| Untracked 
| 123|0x000000008a100000, 0x000000008a100000, 0x000000008a200000|  0%| F|  |TAMS 0x000000008a100000, 0x000000008a100000| Untracked 
| 124|0x000000008a200000, 0x000000008a200000, 0x000000008a300000|  0%| F|  |TAMS 0x000000008a200000, 0x000000008a200000| Untracked 
| 125|0x000000008a300000, 0x000000008a38f600, 0x000000008a400000| 56%| E|  |TAMS 0x000000008a300000, 0x000000008a300000| Complete 

Card table byte_map: [0x000001ebe6660000,0x000001ebe6a50000] _byte_map_base: 0x000001ebe624d000

Marking Bits (Prev, Next): (CMBitMap*) 0x000001ebcd100bd0, (CMBitMap*) 0x000001ebcd100c10
 Prev Bits: [0x000001ebe6e40000, 0x000001ebe8da8000)
 Next Bits: [0x000001ebe8db0000, 0x000001ebead18000)

Polling page: 0x000001ebcd160000

Metaspace:

Usage:
  Non-class:     12.80 MB used.
      Class:      2.17 MB used.
       Both:     14.97 MB used.

Virtual space:
  Non-class space:       64.00 MB reserved,      13.00 MB ( 20%) committed,  1 nodes.
      Class space:        1.00 GB reserved,       2.31 MB ( <1%) committed,  1 nodes.
             Both:        1.06 GB reserved,      15.31 MB (  1%) committed. 

Chunk freelists:
   Non-Class:  2.55 MB
       Class:  1.66 MB
        Both:  4.20 MB

MaxMetaspaceSize: unlimited
CompressedClassSpaceSize: 1.00 GB
Initial GC threshold: 21.00 MB
Current GC threshold: 21.00 MB
CDS: on
MetaspaceReclaimPolicy: balanced
 - commit_granule_bytes: 65536.
 - commit_granule_words: 8192.
 - virtual_space_node_default_size: 8388608.
 - enlarge_chunks_in_place: 1.
 - new_chunks_are_fully_committed: 0.
 - uncommit_free_chunks: 1.
 - use_allocation_guard: 0.


Internal statistics:

num_allocs_failed_limit: 0.
num_arena_births: 316.
num_arena_deaths: 0.
num_vsnodes_births: 2.
num_vsnodes_deaths: 0.
num_space_committed: 245.
num_space_uncommitted: 0.
num_chunks_returned_to_freelist: 0.
num_chunks_taken_from_freelist: 765.
num_chunk_merges: 0.
num_chunk_splits: 532.
num_chunks_enlarged: 419.
num_inconsistent_stats: 0.

CodeHeap 'non-profiled nmethods': size=120000Kb used=808Kb max_used=808Kb free=119191Kb
 bounds [0x000001ebde2e0000, 0x000001ebde550000, 0x000001ebe5810000]
CodeHeap 'profiled nmethods': size=120000Kb used=3620Kb max_used=3620Kb free=116379Kb
 bounds [0x000001ebd6810000, 0x000001ebd6ba0000, 0x000001ebddd40000]
CodeHeap 'non-nmethods': size=5760Kb used=1515Kb max_used=1532Kb free=4244Kb
 bounds [0x000001ebddd40000, 0x000001ebddfb0000, 0x000001ebde2e0000]
 total_blobs=2828 nmethods=2028 adapters=710
 compilation: enabled
              stopped_count=0, restarted_count=0
 full_count=0

Compilation events (20 events):
Event: 118.681 Thread 0x000001ebed806290 2023       3       java.lang.ref.ReferenceQueue::enqueue0 (98 bytes)
Event: 118.682 Thread 0x000001ebed806290 nmethod 2023 0x000001ebd6b95490 code [0x000001ebd6b95680, 0x000001ebd6b95cc8]
Event: 118.682 Thread 0x000001ebed806290 2022       3       java.lang.ref.ReferenceQueue::signal (10 bytes)
Event: 118.684 Thread 0x000001ebed806290 nmethod 2022 0x000001ebd6b95e10 code [0x000001ebd6b96000, 0x000001ebd6b96408]
Event: 118.684 Thread 0x000001ebed806290 2021   !   3       java.lang.ref.ReferenceQueue::enqueue (32 bytes)
Event: 118.686 Thread 0x000001ebed806290 nmethod 2021 0x000001ebd6b96590 code [0x000001ebd6b967c0, 0x000001ebd6b97108]
Event: 118.686 Thread 0x000001ebed806290 2024       3       java.util.concurrent.locks.AbstractQueuedSynchronizer$ConditionObject::signalAll (34 bytes)
Event: 118.687 Thread 0x000001ebed806290 nmethod 2024 0x000001ebd6b97490 code [0x000001ebd6b97660, 0x000001ebd6b979a8]
Event: 118.687 Thread 0x000001ebed806290 2027   !   3       jdk.internal.ref.PhantomCleanable::isListEmpty (34 bytes)
Event: 118.687 Thread 0x000001ebed806290 nmethod 2027 0x000001ebd6b97b10 code [0x000001ebd6b97cc0, 0x000001ebd6b97f18]
Event: 118.687 Thread 0x000001ebed806290 2028       3       jdk.internal.misc.InnocuousThread::eraseThreadLocals (23 bytes)
Event: 118.688 Thread 0x000001ebed806290 nmethod 2028 0x000001ebd6b98010 code [0x000001ebd6b981c0, 0x000001ebd6b983b8]
Event: 118.688 Thread 0x000001ebed806290 2029   !   3       java.lang.ref.NativeReferenceQueue::enqueue (20 bytes)
Event: 118.688 Thread 0x000001ebed806290 nmethod 2029 0x000001ebd6b98490 code [0x000001ebd6b98640, 0x000001ebd6b98868]
Event: 118.689 Thread 0x000001ebed806290 2030       3       java.lang.ref.NativeReferenceQueue::signal (8 bytes)
Event: 118.689 Thread 0x000001ebed806290 nmethod 2030 0x000001ebd6b98990 code [0x000001ebd6b98b40, 0x000001ebd6b98c88]
Event: 118.689 Thread 0x000001ebed806290 2025       3       java.util.concurrent.locks.ReentrantLock$NonfairSync::tryAcquire (27 bytes)
Event: 118.690 Thread 0x000001ebed806290 nmethod 2025 0x000001ebd6b98d90 code [0x000001ebd6b98f40, 0x000001ebd6b991c8]
Event: 118.690 Thread 0x000001ebed806290 2031   !   3       java.lang.ref.ReferenceQueue::remove (61 bytes)
Event: 118.691 Thread 0x000001ebed804910 nmethod 2019 0x000001ebde3a9990 code [0x000001ebde3a9b20, 0x000001ebde3aa028]

GC Heap History (4 events):
Event: 0.683 GC heap before
{Heap before GC invocations=0 (full 0):
 garbage-first heap   total 129024K, used 22528K [0x0000000082600000, 0x0000000100000000)
  region size 1024K, 23 young (23552K), 0 survivors (0K)
 Metaspace       used 6229K, committed 6400K, reserved 1114112K
  class space    used 698K, committed 768K, reserved 1048576K
}
Event: 0.686 GC heap after
{Heap after GC invocations=1 (full 0):
 garbage-first heap   total 129024K, used 3147K [0x0000000082600000, 0x0000000100000000)
  region size 1024K, 3 young (3072K), 3 survivors (3072K)
 Metaspace       used 6229K, committed 6400K, reserved 1114112K
  class space    used 698K, committed 768K, reserved 1048576K
}
Event: 118.656 GC heap before
{Heap before GC invocations=1 (full 0):
 garbage-first heap   total 129024K, used 37963K [0x0000000082600000, 0x0000000100000000)
  region size 1024K, 36 young (36864K), 3 survivors (3072K)
 Metaspace       used 15318K, committed 15680K, reserved 1114112K
  class space    used 2224K, committed 2368K, reserved 1048576K
}
Event: 118.680 GC heap after
{Heap after GC invocations=2 (full 0):
 garbage-first heap   total 129024K, used 9869K [0x0000000082600000, 0x0000000100000000)
  region size 1024K, 5 young (5120K), 5 survivors (5120K)
 Metaspace       used 15318K, committed 15680K, reserved 1114112K
  class space    used 2224K, committed 2368K, reserved 1048576K
}

Dll operation events (20 events):
Event: 0.404 Loaded shared library C:\Users\Google Tceh\.openjfx\cache\19+11\amd64\api-ms-win-crt-locale-l1-1-0.dll
Event: 0.407 Loaded shared library C:\Users\Google Tceh\.openjfx\cache\19+11\amd64\api-ms-win-crt-math-l1-1-0.dll
Event: 0.411 Loaded shared library C:\Users\Google Tceh\.openjfx\cache\19+11\amd64\api-ms-win-crt-multibyte-l1-1-0.dll
Event: 0.416 Loaded shared library C:\Users\Google Tceh\.openjfx\cache\19+11\amd64\api-ms-win-crt-private-l1-1-0.dll
Event: 0.420 Loaded shared library C:\Users\Google Tceh\.openjfx\cache\19+11\amd64\api-ms-win-crt-process-l1-1-0.dll
Event: 0.424 Loaded shared library C:\Users\Google Tceh\.openjfx\cache\19+11\amd64\api-ms-win-crt-runtime-l1-1-0.dll
Event: 0.428 Loaded shared library C:\Users\Google Tceh\.openjfx\cache\19+11\amd64\api-ms-win-crt-stdio-l1-1-0.dll
Event: 0.433 Loaded shared library C:\Users\Google Tceh\.openjfx\cache\19+11\amd64\api-ms-win-crt-string-l1-1-0.dll
Event: 0.437 Loaded shared library C:\Users\Google Tceh\.openjfx\cache\19+11\amd64\api-ms-win-crt-time-l1-1-0.dll
Event: 0.442 Loaded shared library C:\Users\Google Tceh\.openjfx\cache\19+11\amd64\api-ms-win-crt-utility-l1-1-0.dll
Event: 0.461 Loaded shared library C:\Users\Google Tceh\.openjfx\cache\19+11\amd64\ucrtbase.dll
Event: 0.467 Loaded shared library C:\Users\Google Tceh\.openjfx\cache\19+11\amd64\vcruntime140.dll
Event: 0.471 Loaded shared library C:\Users\Google Tceh\.openjfx\cache\19+11\amd64\vcruntime140_1.dll
Event: 0.481 Loaded shared library C:\Users\Google Tceh\.openjfx\cache\19+11\amd64\msvcp140.dll
Event: 0.487 Loaded shared library C:\Users\Google Tceh\.openjfx\cache\19+11\amd64\msvcp140_1.dll
Event: 0.494 Loaded shared library C:\Users\Google Tceh\.openjfx\cache\19+11\amd64\msvcp140_2.dll
Event: 0.526 Loaded shared library C:\Users\Google Tceh\.openjfx\cache\19+11\amd64\prism_d3d.dll
Event: 0.567 Loaded shared library C:\Users\Google Tceh\.openjfx\cache\19+11\amd64\glass.dll
Event: 0.652 Loaded shared library C:\Program Files\Java\jdk-19\bin\jimage.dll
Event: 0.829 Loaded shared library C:\Users\Google Tceh\.openjfx\cache\19+11\amd64\javafx_font.dll

Deoptimization events (20 events):
Event: 1.344 Thread 0x000001ebf1cc5080 Uncommon trap: trap_request=0xffffffde fr.pc=0x000001ebde3879c8 relative=0x0000000000000128
Event: 1.344 Thread 0x000001ebf1cc5080 Uncommon trap: reason=class_check action=maybe_recompile pc=0x000001ebde3879c8 method=jdk.internal.misc.Unsafe.allocateUninitializedArray(Ljava/lang/Class;I)Ljava/lang/Object; @ 51 c2
Event: 1.344 Thread 0x000001ebf1cc5080 DEOPT PACKING pc=0x000001ebde3879c8 sp=0x000000cf312f99e0
Event: 1.344 Thread 0x000001ebf1cc5080 DEOPT UNPACKING pc=0x000001ebddda6da3 sp=0x000000cf312f9968 mode 2
Event: 1.344 Thread 0x000001ebf1cc5080 Uncommon trap: trap_request=0xffffffde fr.pc=0x000001ebde3879c8 relative=0x0000000000000128
Event: 1.344 Thread 0x000001ebf1cc5080 Uncommon trap: reason=class_check action=maybe_recompile pc=0x000001ebde3879c8 method=jdk.internal.misc.Unsafe.allocateUninitializedArray(Ljava/lang/Class;I)Ljava/lang/Object; @ 51 c2
Event: 1.344 Thread 0x000001ebf1cc5080 DEOPT PACKING pc=0x000001ebde3879c8 sp=0x000000cf312f99e0
Event: 1.344 Thread 0x000001ebf1cc5080 DEOPT UNPACKING pc=0x000001ebddda6da3 sp=0x000000cf312f9968 mode 2
Event: 1.344 Thread 0x000001ebf1cc5080 Uncommon trap: trap_request=0xffffffde fr.pc=0x000001ebde3879c8 relative=0x0000000000000128
Event: 1.344 Thread 0x000001ebf1cc5080 Uncommon trap: reason=class_check action=maybe_recompile pc=0x000001ebde3879c8 method=jdk.internal.misc.Unsafe.allocateUninitializedArray(Ljava/lang/Class;I)Ljava/lang/Object; @ 51 c2
Event: 1.344 Thread 0x000001ebf1cc5080 DEOPT PACKING pc=0x000001ebde3879c8 sp=0x000000cf312f99e0
Event: 1.344 Thread 0x000001ebf1cc5080 DEOPT UNPACKING pc=0x000001ebddda6da3 sp=0x000000cf312f9968 mode 2
Event: 1.389 Thread 0x000001ebf1cc5080 Uncommon trap: trap_request=0xffffff45 fr.pc=0x000001ebde355a68 relative=0x00000000000001c8
Event: 1.389 Thread 0x000001ebf1cc5080 Uncommon trap: reason=unstable_if action=reinterpret pc=0x000001ebde355a68 method=java.io.ByteArrayInputStream.read()I @ 8 c2
Event: 1.389 Thread 0x000001ebf1cc5080 DEOPT PACKING pc=0x000001ebde355a68 sp=0x000000cf312fcaa0
Event: 1.389 Thread 0x000001ebf1cc5080 DEOPT UNPACKING pc=0x000001ebddda6da3 sp=0x000000cf312fca58 mode 2
Event: 118.680 Thread 0x000001ebf1cc30a0 Uncommon trap: trap_request=0xffffff45 fr.pc=0x000001ebde3a8f38 relative=0x0000000000000538
Event: 118.680 Thread 0x000001ebf1cc30a0 Uncommon trap: reason=unstable_if action=reinterpret pc=0x000001ebde3a8f38 method=com.sun.javafx.tk.quantum.QuantumToolkit.postPulse()V @ 7 c2
Event: 118.680 Thread 0x000001ebf1cc30a0 DEOPT PACKING pc=0x000001ebde3a8f38 sp=0x000000cf316ff340
Event: 118.680 Thread 0x000001ebf1cc30a0 DEOPT UNPACKING pc=0x000001ebddda6da3 sp=0x000000cf316ff260 mode 2

Classes loaded (20 events):
Event: 1.460 Loading class jdk/internal/ref/CleanerImpl$InnocuousThreadFactory
Event: 1.460 Loading class jdk/internal/ref/CleanerImpl$InnocuousThreadFactory done
Event: 1.466 Loading class sun/misc/Unsafe
Event: 1.467 Loading class sun/misc/Unsafe done
Event: 1.467 Loading class java/lang/invoke/DirectMethodHandle$StaticAccessor
Event: 1.467 Loading class java/lang/invoke/DirectMethodHandle$StaticAccessor done
Event: 1.503 Loading class java/nio/ShortBuffer
Event: 1.504 Loading class java/nio/ShortBuffer done
Event: 1.504 Loading class java/nio/FloatBuffer
Event: 1.504 Loading class java/nio/FloatBuffer done
Event: 1.504 Loading class java/nio/DoubleBuffer
Event: 1.504 Loading class java/nio/DoubleBuffer done
Event: 1.505 Loading class java/nio/DirectFloatBufferU
Event: 1.505 Loading class java/nio/DirectFloatBufferU done
Event: 2.842 Loading class java/util/EnumMap$Values
Event: 2.842 Loading class java/util/EnumMap$Values done
Event: 2.842 Loading class java/util/EnumMap$ValueIterator
Event: 2.842 Loading class java/util/EnumMap$EnumMapIterator
Event: 2.842 Loading class java/util/EnumMap$EnumMapIterator done
Event: 2.842 Loading class java/util/EnumMap$ValueIterator done

Classes unloaded (0 events):
No events

Classes redefined (0 events):
No events

Internal exceptions (20 events):
Event: 0.920 Thread 0x000001ebf1cc5080 Exception <a 'java/lang/NoSuchMethodError'{0x00000000898cb170}: 'double java.lang.invoke.DelegatingMethodHandle$Holder.reinvoke_L(java.lang.Object, java.lang.Object, int)'> (0x00000000898cb170) 
thrown [s\open\src\hotspot\share\interpreter\linkResolver.cpp, line 774]
Event: 0.922 Thread 0x000001ebf1cc5080 Exception <a 'java/lang/NoSuchMethodError'{0x00000000898dce90}: 'java.lang.Object java.lang.invoke.DirectMethodHandle$Holder.invokeStatic(java.lang.Object, java.lang.Object, java.lang.Object, java.lang.Object, int)'> (0x00000000898dce90) 
thrown [s\open\src\hotspot\share\interpreter\linkResolver.cpp, line 774]
Event: 0.923 Thread 0x000001ebf1cc5080 Exception <a 'java/lang/NoSuchMethodError'{0x00000000898e8830}: 'void java.lang.invoke.DelegatingMethodHandle$Holder.reinvoke_L(java.lang.Object, java.lang.Object, double)'> (0x00000000898e8830) 
thrown [s\open\src\hotspot\share\interpreter\linkResolver.cpp, line 774]
Event: 0.925 Thread 0x000001ebf1cc5080 Exception <a 'java/lang/NoSuchMethodError'{0x00000000898fb058}: 'void java.lang.invoke.DirectMethodHandle$Holder.invokeSpecial(java.lang.Object, java.lang.Object, int)'> (0x00000000898fb058) 
thrown [s\open\src\hotspot\share\interpreter\linkResolver.cpp, line 774]
Event: 0.926 Thread 0x000001ebf1cc5080 Exception <a 'java/lang/NoSuchMethodError'{0x0000000089702740}: 'int java.lang.invoke.DirectMethodHandle$Holder.invokeSpecial(java.lang.Object, java.lang.Object, java.lang.Object, int)'> (0x0000000089702740) 
thrown [s\open\src\hotspot\share\interpreter\linkResolver.cpp, line 774]
Event: 0.927 Thread 0x000001ebf1cc5080 Exception <a 'java/lang/NoSuchMethodError'{0x000000008970d0c0}: 'void java.lang.invoke.DelegatingMethodHandle$Holder.reinvoke_L(java.lang.Object, java.lang.Object, int)'> (0x000000008970d0c0) 
thrown [s\open\src\hotspot\share\interpreter\linkResolver.cpp, line 774]
Event: 0.928 Thread 0x000001ebf1cc5080 Exception <a 'java/lang/NoSuchMethodError'{0x0000000089710da8}: 'int java.lang.invoke.DirectMethodHandle$Holder.invokeSpecial(java.lang.Object, java.lang.Object, java.lang.Object)'> (0x0000000089710da8) 
thrown [s\open\src\hotspot\share\interpreter\linkResolver.cpp, line 774]
Event: 1.044 Thread 0x000001ebf1cc5080 Implicit null exception at 0x000001ebde3640b3 to 0x000001ebde364520
Event: 1.048 Thread 0x000001ebf1cc5080 Implicit null exception at 0x000001ebde35a131 to 0x000001ebde35a578
Event: 1.049 Thread 0x000001ebf1cc5080 Implicit null exception at 0x000001ebde2fdfaf to 0x000001ebde2fe029
Event: 1.162 Thread 0x000001ebf1cc5080 Implicit null exception at 0x000001ebde348f12 to 0x000001ebde349564
Event: 1.220 Thread 0x000001ebf1cc5080 Exception <a 'java/lang/NoSuchMethodError'{0x0000000088eac1c8}: 'java.lang.Object java.lang.invoke.DirectMethodHandle$Holder.invokeInterface(java.lang.Object, java.lang.Object, java.lang.Object)'> (0x0000000088eac1c8) 
thrown [s\open\src\hotspot\share\interpreter\linkResolver.cpp, line 774]
Event: 1.221 Thread 0x000001ebf1cc5080 Exception <a 'java/lang/IncompatibleClassChangeError'{0x0000000088eafb58}: Found class java.lang.Object, but interface was expected> (0x0000000088eafb58) 
thrown [s\open\src\hotspot\share\interpreter\linkResolver.cpp, line 841]
Event: 1.290 Thread 0x000001ebf1cc5080 Exception <a 'java/lang/ClassNotFoundException'{0x0000000088822f70}: com/sun/javafx/scene/control/skin/resources/controls> (0x0000000088822f70) 
thrown [s\open\src\hotspot\share\prims\jni.cpp, line 536]
Event: 1.291 Thread 0x000001ebf1cc5080 Exception <a 'java/lang/ClassNotFoundException'{0x0000000088830d48}: com/sun/javafx/scene/control/skin/resources/controls_en> (0x0000000088830d48) 
thrown [s\open\src\hotspot\share\prims\jni.cpp, line 536]
Event: 1.291 Thread 0x000001ebf1cc5080 Exception <a 'java/lang/ClassNotFoundException'{0x0000000088831cf0}: com/sun/javafx/scene/control/skin/resources/controls_en_US> (0x0000000088831cf0) 
thrown [s\open\src\hotspot\share\prims\jni.cpp, line 536]
Event: 1.332 Thread 0x000001ebf1cc5080 Exception <a 'java/lang/NoSuchMethodError'{0x00000000887ae788}: 'void java.lang.invoke.DirectMethodHandle$Holder.invokeSpecial(java.lang.Object, java.lang.Object, java.lang.Object, java.lang.Object, java.lang.Object, java.lang.Object)'> (0x00000000887ae788) 
thrown [s\open\src\hotspot\share\interpreter\linkResolver.cpp, line 774]
Event: 1.393 Thread 0x000001ebf1cc5080 Exception <a 'java/lang/NoSuchMethodError'{0x0000000088476920}: 'int java.lang.invoke.DirectMethodHandle$Holder.invokeSpecial(java.lang.Object, java.lang.Object, int)'> (0x0000000088476920) 
thrown [s\open\src\hotspot\share\interpreter\linkResolver.cpp, line 774]
Event: 1.404 Thread 0x000001ebf1cc5080 Exception <a 'java/lang/NoSuchMethodError'{0x00000000884b9bd0}: 'java.lang.Object java.lang.invoke.DirectMethodHandle$Holder.newInvokeSpecial(java.lang.Object, java.lang.Object, int)'> (0x00000000884b9bd0) 
thrown [s\open\src\hotspot\share\interpreter\linkResolver.cpp, line 774]
Event: 1.428 Thread 0x000001ebf1cc55d0 Exception <a 'java/lang/NoSuchMethodError'{0x000000008831a000}: 'int java.lang.invoke.DirectMethodHandle$Holder.invokeStaticInit(java.lang.Object, java.lang.Object)'> (0x000000008831a000) 
thrown [s\open\src\hotspot\share\interpreter\linkResolver.cpp, line 774]

VM Operations (20 events):
Event: 0.560 Executing VM operation: HandshakeAllThreads
Event: 0.560 Executing VM operation: HandshakeAllThreads done
Event: 0.683 Executing VM operation: G1CollectForAllocation
Event: 0.686 Executing VM operation: G1CollectForAllocation done
Event: 0.760 Executing VM operation: HandshakeAllThreads
Event: 0.760 Executing VM operation: HandshakeAllThreads done
Event: 0.833 Executing VM operation: HandshakeAllThreads
Event: 0.833 Executing VM operation: HandshakeAllThreads done
Event: 1.091 Executing VM operation: ICBufferFull
Event: 1.091 Executing VM operation: ICBufferFull done
Event: 2.092 Executing VM operation: Cleanup
Event: 2.092 Executing VM operation: Cleanup done
Event: 4.092 Executing VM operation: Cleanup
Event: 4.092 Executing VM operation: Cleanup done
Event: 6.093 Executing VM operation: Cleanup
Event: 6.093 Executing VM operation: Cleanup done
Event: 8.094 Executing VM operation: Cleanup
Event: 8.094 Executing VM operation: Cleanup done
Event: 118.656 Executing VM operation: G1CollectForAllocation
Event: 118.680 Executing VM operation: G1CollectForAllocation done

Events (20 events):
Event: 0.043 Thread 0x000001ebed804910 Thread added: 0x000001ebed804910
Event: 0.043 Thread 0x000001ebed806290 Thread added: 0x000001ebed806290
Event: 0.043 Thread 0x000001ebed80f3d0 Thread added: 0x000001ebed80f3d0
Event: 0.075 Thread 0x000001ebf1cc35f0 Thread added: 0x000001ebf1cc35f0
Event: 0.119 Thread 0x000001ebf1d75550 Thread added: 0x000001ebf1d75550
Event: 0.123 Thread 0x000001ebf1d183d0 Thread added: 0x000001ebf1d183d0
Event: 0.207 Thread 0x000001ebf1cc4090 Thread added: 0x000001ebf1cc4090
Event: 0.207 Thread 0x000001ebf1cc4b30 Thread added: 0x000001ebf1cc4b30
Event: 0.519 Thread 0x000001ebf1cc55d0 Thread added: 0x000001ebf1cc55d0
Event: 0.568 Thread 0x000001ebf1cc5b20 Thread added: 0x000001ebf1cc5b20
Event: 0.571 Thread 0x000001ebf1cc5080 Thread added: 0x000001ebf1cc5080
Event: 0.630 Thread 0x000001ebf1cc45e0 Thread added: 0x000001ebf1cc45e0
Event: 0.632 Thread 0x000001ebf1cc30a0 Thread added: 0x000001ebf1cc30a0
Event: 0.994 Thread 0x000001ebf1cc3b40 Thread added: 0x000001ebf1cc3b40
Event: 1.203 Thread 0x000001ebf1d183d0 Thread exited: 0x000001ebf1d183d0
Event: 1.460 Thread 0x000001ebf3712670 Thread added: 0x000001ebf3712670
Event: 2.616 Thread 0x000001ebf1d75550 Thread exited: 0x000001ebf1d75550
Event: 118.654 Thread 0x000001ebf3711680 Thread added: 0x000001ebf3711680
Event: 118.655 Thread 0x000001ebf3715640 Thread added: 0x000001ebf3715640
Event: 118.684 Thread 0x000001ebf3715640 Thread exited: 0x000001ebf3715640


Dynamic libraries:
0x00007ff63c340000 - 0x00007ff63c350000 	C:\Program Files\Java\jdk-19\bin\java.exe
0x00007fff12430000 - 0x00007fff12644000 	C:\WINDOWS\SYSTEM32\ntdll.dll
0x00007ffef4410000 - 0x00007ffef4429000 	C:\Program Files\Avast Software\Avast\aswhook.dll
0x00007fff11520000 - 0x00007fff115e2000 	C:\WINDOWS\System32\KERNEL32.DLL
0x00007fff0fcc0000 - 0x00007fff10063000 	C:\WINDOWS\System32\KERNELBASE.dll
0x00007fff10070000 - 0x00007fff10181000 	C:\WINDOWS\System32\ucrtbase.dll
0x00007ffe81560000 - 0x00007ffe81578000 	C:\Program Files\Java\jdk-19\bin\jli.dll
0x00007fff12340000 - 0x00007fff123ee000 	C:\WINDOWS\System32\ADVAPI32.dll
0x00007fff10dd0000 - 0x00007fff10e77000 	C:\WINDOWS\System32\msvcrt.dll
0x00007ffefff00000 - 0x00007ffefff1b000 	C:\Program Files\Java\jdk-19\bin\VCRUNTIME140.dll
0x00007fff11470000 - 0x00007fff11514000 	C:\WINDOWS\System32\sechost.dll
0x00007fff10e90000 - 0x00007fff10fa7000 	C:\WINDOWS\System32\RPCRT4.dll
0x00007fff11020000 - 0x00007fff111cb000 	C:\WINDOWS\System32\USER32.dll
0x00007fff0fc20000 - 0x00007fff0fc46000 	C:\WINDOWS\System32\win32u.dll
0x00007fff11420000 - 0x00007fff11449000 	C:\WINDOWS\System32\GDI32.dll
0x00007ffef2940000 - 0x00007ffef2bce000 	C:\WINDOWS\WinSxS\amd64_microsoft.windows.common-controls_6595b64144ccf1df_6.0.22621.1635_none_270f70857386168e\COMCTL32.dll
0x00007fff0f830000 - 0x00007fff0f949000 	C:\WINDOWS\System32\gdi32full.dll
0x00007fff0fac0000 - 0x00007fff0fb5a000 	C:\WINDOWS\System32\msvcp_win.dll
0x00007fff07820000 - 0x00007fff0782a000 	C:\WINDOWS\SYSTEM32\VERSION.dll
0x00007fff11e00000 - 0x00007fff11e31000 	C:\WINDOWS\System32\IMM32.DLL
0x00007ffeceae0000 - 0x00007ffeceaec000 	C:\Program Files\Java\jdk-19\bin\vcruntime140_1.dll
0x00007ffe61430000 - 0x00007ffe614be000 	C:\Program Files\Java\jdk-19\bin\msvcp140.dll
0x00007ffe60770000 - 0x00007ffe61430000 	C:\Program Files\Java\jdk-19\bin\server\jvm.dll
0x00007fff07ad0000 - 0x00007fff07b04000 	C:\WINDOWS\SYSTEM32\WINMM.dll
0x00007ffefe490000 - 0x00007ffefe499000 	C:\WINDOWS\SYSTEM32\WSOCK32.dll
0x00007fff10d20000 - 0x00007fff10d91000 	C:\WINDOWS\System32\WS2_32.dll
0x00007fff0e970000 - 0x00007fff0e988000 	C:\WINDOWS\SYSTEM32\kernel.appcore.dll
0x00007ffec5e10000 - 0x00007ffec5e1a000 	C:\Program Files\Java\jdk-19\bin\jimage.dll
0x00007fff0d080000 - 0x00007fff0d2ae000 	C:\WINDOWS\SYSTEM32\DBGHELP.DLL
0x00007fff10630000 - 0x00007fff109b9000 	C:\WINDOWS\System32\combase.dll
0x00007fff10550000 - 0x00007fff10627000 	C:\WINDOWS\System32\OLEAUT32.dll
0x00007fff00750000 - 0x00007fff00782000 	C:\WINDOWS\SYSTEM32\dbgcore.DLL
0x00007fff10190000 - 0x00007fff1020b000 	C:\WINDOWS\System32\bcryptPrimitives.dll
0x00007fff0a440000 - 0x00007fff0a44e000 	C:\Program Files\Java\jdk-19\bin\instrument.dll
0x00007ffe81530000 - 0x00007ffe81556000 	C:\Program Files\Java\jdk-19\bin\java.dll
0x00007ffe60690000 - 0x00007ffe60767000 	C:\Program Files\Java\jdk-19\bin\jsvml.dll
0x00007fff11600000 - 0x00007fff11dfa000 	C:\WINDOWS\System32\SHELL32.dll
0x00007fff0d840000 - 0x00007fff0e10e000 	C:\WINDOWS\SYSTEM32\windows.storage.dll
0x00007fff0d700000 - 0x00007fff0d83e000 	C:\WINDOWS\SYSTEM32\wintypes.dll
0x00007fff102c0000 - 0x00007fff103b1000 	C:\WINDOWS\System32\SHCORE.dll
0x00007fff103c0000 - 0x00007fff1041e000 	C:\WINDOWS\System32\shlwapi.dll
0x00007fff0f760000 - 0x00007fff0f781000 	C:\WINDOWS\SYSTEM32\profapi.dll
0x00007ffe812b0000 - 0x00007ffe812c3000 	C:\Program Files\Java\jdk-19\bin\net.dll
0x00007fff07080000 - 0x00007fff071b7000 	C:\WINDOWS\SYSTEM32\WINHTTP.dll
0x00007fff0ede0000 - 0x00007fff0ee49000 	C:\WINDOWS\system32\mswsock.dll
0x00007ffe60670000 - 0x00007ffe60686000 	C:\Program Files\Java\jdk-19\bin\nio.dll
0x00007ffe60650000 - 0x00007ffe60668000 	C:\Program Files\Java\jdk-19\bin\zip.dll
0x00007fff0a400000 - 0x00007fff0a41a000 	C:\Program Files\JetBrains\IntelliJ IDEA Community Edition 2022.3.2\bin\breakgen64.dll
0x000001ebed950000 - 0x000001ebed953000 	C:\Users\Google Tceh\.openjfx\cache\19+11\amd64\api-ms-win-core-console-l1-1-0.dll
0x000001ebed960000 - 0x000001ebed963000 	C:\Users\Google Tceh\.openjfx\cache\19+11\amd64\api-ms-win-core-console-l1-2-0.dll
0x000001ebed970000 - 0x000001ebed973000 	C:\Users\Google Tceh\.openjfx\cache\19+11\amd64\api-ms-win-core-datetime-l1-1-0.dll
0x000001ebed980000 - 0x000001ebed983000 	C:\Users\Google Tceh\.openjfx\cache\19+11\amd64\api-ms-win-core-debug-l1-1-0.dll
0x000001ebed990000 - 0x000001ebed993000 	C:\Users\Google Tceh\.openjfx\cache\19+11\amd64\api-ms-win-core-errorhandling-l1-1-0.dll
0x000001ebed9a0000 - 0x000001ebed9a4000 	C:\Users\Google Tceh\.openjfx\cache\19+11\amd64\api-ms-win-core-file-l1-1-0.dll
0x000001ebed9b0000 - 0x000001ebed9b3000 	C:\Users\Google Tceh\.openjfx\cache\19+11\amd64\api-ms-win-core-file-l1-2-0.dll
0x000001ebed9c0000 - 0x000001ebed9c3000 	C:\Users\Google Tceh\.openjfx\cache\19+11\amd64\api-ms-win-core-file-l2-1-0.dll
0x000001ebedb70000 - 0x000001ebedb73000 	C:\Users\Google Tceh\.openjfx\cache\19+11\amd64\api-ms-win-core-handle-l1-1-0.dll
0x000001ebedb80000 - 0x000001ebedb83000 	C:\Users\Google Tceh\.openjfx\cache\19+11\amd64\api-ms-win-core-heap-l1-1-0.dll
0x000001ebedb90000 - 0x000001ebedb93000 	C:\Users\Google Tceh\.openjfx\cache\19+11\amd64\api-ms-win-core-interlocked-l1-1-0.dll
0x000001ebed9d0000 - 0x000001ebed9d3000 	C:\Users\Google Tceh\.openjfx\cache\19+11\amd64\api-ms-win-core-libraryloader-l1-1-0.dll
0x000001ebed9e0000 - 0x000001ebed9e3000 	C:\Users\Google Tceh\.openjfx\cache\19+11\amd64\api-ms-win-core-localization-l1-2-0.dll
0x000001ebed9f0000 - 0x000001ebed9f3000 	C:\Users\Google Tceh\.openjfx\cache\19+11\amd64\api-ms-win-core-memory-l1-1-0.dll
0x000001ebeda00000 - 0x000001ebeda03000 	C:\Users\Google Tceh\.openjfx\cache\19+11\amd64\api-ms-win-core-namedpipe-l1-1-0.dll
0x000001ebeda10000 - 0x000001ebeda13000 	C:\Users\Google Tceh\.openjfx\cache\19+11\amd64\api-ms-win-core-processenvironment-l1-1-0.dll
0x000001ebeda20000 - 0x000001ebeda23000 	C:\Users\Google Tceh\.openjfx\cache\19+11\amd64\api-ms-win-core-processthreads-l1-1-0.dll
0x000001ebeda30000 - 0x000001ebeda33000 	C:\Users\Google Tceh\.openjfx\cache\19+11\amd64\api-ms-win-core-processthreads-l1-1-1.dll
0x000001ebeda40000 - 0x000001ebeda43000 	C:\Users\Google Tceh\.openjfx\cache\19+11\amd64\api-ms-win-core-profile-l1-1-0.dll
0x000001ebeda50000 - 0x000001ebeda53000 	C:\Users\Google Tceh\.openjfx\cache\19+11\amd64\api-ms-win-core-rtlsupport-l1-1-0.dll
0x000001ebeda60000 - 0x000001ebeda63000 	C:\Users\Google Tceh\.openjfx\cache\19+11\amd64\api-ms-win-core-string-l1-1-0.dll
0x000001ebeda70000 - 0x000001ebeda73000 	C:\Users\Google Tceh\.openjfx\cache\19+11\amd64\api-ms-win-core-synch-l1-1-0.dll
0x000001ebeda80000 - 0x000001ebeda83000 	C:\Users\Google Tceh\.openjfx\cache\19+11\amd64\api-ms-win-core-synch-l1-2-0.dll
0x000001ebeda90000 - 0x000001ebeda93000 	C:\Users\Google Tceh\.openjfx\cache\19+11\amd64\api-ms-win-core-sysinfo-l1-1-0.dll
0x000001ebedaa0000 - 0x000001ebedaa3000 	C:\Users\Google Tceh\.openjfx\cache\19+11\amd64\api-ms-win-core-timezone-l1-1-0.dll
0x000001ebedab0000 - 0x000001ebedab3000 	C:\Users\Google Tceh\.openjfx\cache\19+11\amd64\api-ms-win-core-util-l1-1-0.dll
0x000001ebedac0000 - 0x000001ebedac3000 	C:\Users\Google Tceh\.openjfx\cache\19+11\amd64\api-ms-win-crt-conio-l1-1-0.dll
0x000001ebedad0000 - 0x000001ebedad4000 	C:\Users\Google Tceh\.openjfx\cache\19+11\amd64\api-ms-win-crt-convert-l1-1-0.dll
0x000001ebedae0000 - 0x000001ebedae3000 	C:\Users\Google Tceh\.openjfx\cache\19+11\amd64\api-ms-win-crt-environment-l1-1-0.dll
0x000001ebedaf0000 - 0x000001ebedaf3000 	C:\Users\Google Tceh\.openjfx\cache\19+11\amd64\api-ms-win-crt-filesystem-l1-1-0.dll
0x000001ebedb00000 - 0x000001ebedb03000 	C:\Users\Google Tceh\.openjfx\cache\19+11\amd64\api-ms-win-crt-heap-l1-1-0.dll
0x000001ebedb10000 - 0x000001ebedb13000 	C:\Users\Google Tceh\.openjfx\cache\19+11\amd64\api-ms-win-crt-locale-l1-1-0.dll
0x000001ebedb20000 - 0x000001ebedb25000 	C:\Users\Google Tceh\.openjfx\cache\19+11\amd64\api-ms-win-crt-math-l1-1-0.dll
0x000001ebedb30000 - 0x000001ebedb35000 	C:\Users\Google Tceh\.openjfx\cache\19+11\amd64\api-ms-win-crt-multibyte-l1-1-0.dll
0x000001ebedb40000 - 0x000001ebedb50000 	C:\Users\Google Tceh\.openjfx\cache\19+11\amd64\api-ms-win-crt-private-l1-1-0.dll
0x000001ebedb50000 - 0x000001ebedb53000 	C:\Users\Google Tceh\.openjfx\cache\19+11\amd64\api-ms-win-crt-process-l1-1-0.dll
0x000001ebedb60000 - 0x000001ebedb64000 	C:\Users\Google Tceh\.openjfx\cache\19+11\amd64\api-ms-win-crt-runtime-l1-1-0.dll
0x000001ebedba0000 - 0x000001ebedba4000 	C:\Users\Google Tceh\.openjfx\cache\19+11\amd64\api-ms-win-crt-stdio-l1-1-0.dll
0x000001ebedbb0000 - 0x000001ebedbb4000 	C:\Users\Google Tceh\.openjfx\cache\19+11\amd64\api-ms-win-crt-string-l1-1-0.dll
0x000001ebedbc0000 - 0x000001ebedbc3000 	C:\Users\Google Tceh\.openjfx\cache\19+11\amd64\api-ms-win-crt-time-l1-1-0.dll
0x000001ebedbd0000 - 0x000001ebedbd3000 	C:\Users\Google Tceh\.openjfx\cache\19+11\amd64\api-ms-win-crt-utility-l1-1-0.dll
0x00007ffea8650000 - 0x00007ffea874c000 	C:\Users\Google Tceh\.openjfx\cache\19+11\amd64\ucrtbase.dll
0x00007fff0a3c0000 - 0x00007fff0a3db000 	C:\Users\Google Tceh\.openjfx\cache\19+11\amd64\vcruntime140.dll
0x00007fff0a3b0000 - 0x00007fff0a3bc000 	C:\Users\Google Tceh\.openjfx\cache\19+11\amd64\vcruntime140_1.dll
0x00007ffeee5f0000 - 0x00007ffeee67e000 	C:\Users\Google Tceh\.openjfx\cache\19+11\amd64\msvcp140.dll
0x00007fff0a390000 - 0x00007fff0a399000 	C:\Users\Google Tceh\.openjfx\cache\19+11\amd64\msvcp140_1.dll
0x00007fff0a320000 - 0x00007fff0a350000 	C:\Users\Google Tceh\.openjfx\cache\19+11\amd64\msvcp140_2.dll
0x00007ffef1480000 - 0x00007ffef14ac000 	C:\Users\Google Tceh\.openjfx\cache\19+11\amd64\prism_d3d.dll
0x00007ffe88e30000 - 0x00007ffe88fd9000 	C:\WINDOWS\system32\d3d9.dll
0x00007fff0c6e0000 - 0x00007fff0c70b000 	C:\WINDOWS\SYSTEM32\dwmapi.dll
0x00007fff0cc90000 - 0x00007fff0ccc8000 	C:\WINDOWS\SYSTEM32\dxcore.dll
0x00007fff0c140000 - 0x00007fff0c1eb000 	C:\WINDOWS\system32\uxtheme.dll
0x00007ffe710c0000 - 0x00007ffe71225000 	C:\WINDOWS\System32\DriverStore\FileRepository\iigd_dch.inf_amd64_2687b494da5e552a\igdumdim64.dll
0x00007fff10b80000 - 0x00007fff10d1c000 	C:\WINDOWS\System32\ole32.dll
0x00007ffe6d430000 - 0x00007ffe710bb000 	C:\WINDOWS\System32\DriverStore\FileRepository\iigd_dch.inf_amd64_2687b494da5e552a\igd9dxva64.dll
0x00007fff11ec0000 - 0x00007fff12334000 	C:\WINDOWS\System32\SETUPAPI.dll
0x00007fff0f4d0000 - 0x00007fff0f51e000 	C:\WINDOWS\SYSTEM32\cfgmgr32.dll
0x00007fff04290000 - 0x00007fff045c6000 	C:\WINDOWS\System32\DriverStore\FileRepository\iigd_dch.inf_amd64_2687b494da5e552a\igdgmm64.dll
0x00007fff091a0000 - 0x00007fff091e8000 	C:\WINDOWS\SYSTEM32\directxdatabasehelper.dll
0x00007ffef1430000 - 0x00007ffef1472000 	C:\Users\Google Tceh\.openjfx\cache\19+11\amd64\glass.dll
0x00007fff111d0000 - 0x00007fff112c7000 	C:\WINDOWS\System32\COMDLG32.dll
0x00007fff10420000 - 0x00007fff10547000 	C:\WINDOWS\System32\MSCTF.dll
0x00007ffec39f0000 - 0x00007ffec3a17000 	C:\WINDOWS\System32\DriverStore\FileRepository\iigd_dch.inf_amd64_2687b494da5e552a\igdinfo64.dll
0x00007fff012c0000 - 0x00007fff0404f000 	C:\WINDOWS\System32\DriverStore\FileRepository\iigd_dch.inf_amd64_2687b494da5e552a\igc64.dll
0x00007ffeffe70000 - 0x00007ffeffe84000 	C:\Users\Google Tceh\.openjfx\cache\19+11\amd64\javafx_font.dll
0x00007fff0ab00000 - 0x00007fff0ad67000 	C:\WINDOWS\SYSTEM32\dwrite.dll
0x00007fff10210000 - 0x00007fff102c0000 	C:\WINDOWS\System32\clbcatq.dll
0x00007fff0a950000 - 0x00007fff0ab00000 	C:\WINDOWS\SYSTEM32\WindowsCodecs.dll
0x00007ffed38a0000 - 0x00007ffed38fe000 	C:\WINDOWS\system32\dataexchange.dll
0x00007fff071c0000 - 0x00007fff0742e000 	C:\WINDOWS\system32\twinapi.appcore.dll
0x00007ffef37b0000 - 0x00007ffef37e2000 	C:\Program Files\Common Files\Microsoft Shared\Ink\rtscom.dll
0x00007ffefc8c0000 - 0x00007ffefc9ed000 	C:\WINDOWS\SYSTEM32\textinputframework.dll
0x00007fff0bc00000 - 0x00007fff0bd33000 	C:\WINDOWS\SYSTEM32\CoreMessaging.dll
0x00007fff08980000 - 0x00007fff08cec000 	C:\WINDOWS\SYSTEM32\CoreUIComponents.dll
0x00007fff0f040000 - 0x00007fff0f04c000 	C:\WINDOWS\SYSTEM32\CRYPTBASE.DLL
0x00007fff0ad70000 - 0x00007fff0b331000 	C:\WINDOWS\SYSTEM32\d2d1.dll
0x00007fff0b340000 - 0x00007fff0b597000 	C:\WINDOWS\SYSTEM32\d3d11.dll
0x00007fff0c5e0000 - 0x00007fff0c6d6000 	C:\WINDOWS\SYSTEM32\dxgi.dll
0x00007fff07d00000 - 0x00007fff08411000 	C:\WINDOWS\SYSTEM32\D3D10Warp.dll

dbghelp: loaded successfully - version: 4.0.5 - missing functions: none
symbol engine: initialized successfully - sym options: 0x614 - pdb path: .;C:\Program Files\Java\jdk-19\bin;C:\WINDOWS\SYSTEM32;C:\Program Files\Avast Software\Avast;C:\WINDOWS\WinSxS\amd64_microsoft.windows.common-controls_6595b64144ccf1df_6.0.22621.1635_none_270f70857386168e;C:\Program Files\Java\jdk-19\bin\server;C:\Program Files\JetBrains\IntelliJ IDEA Community Edition 2022.3.2\bin;C:\Users\Google Tceh\.openjfx\cache\19+11\amd64;C:\WINDOWS\System32\DriverStore\FileRepository\iigd_dch.inf_amd64_2687b494da5e552a;C:\Program Files\Common Files\Microsoft Shared\Ink

VM Arguments:
jvm_args: -javaagent:C:\Program Files\JetBrains\IntelliJ IDEA Community Edition 2022.3.2\lib\idea_rt.jar=55306:C:\Program Files\JetBrains\IntelliJ IDEA Community Edition 2022.3.2\bin -Dfile.encoding=UTF-8 -Dsun.stdout.encoding=UTF-8 -Dsun.stderr.encoding=UTF-8 --module-path=C:\Users\Google Tceh\.m2\repository\org\openjfx\javafx-fxml\19\javafx-fxml-19-win.jar;C:\Users\Google Tceh\.m2\repository\org\openjfx\javafx-graphics\19\javafx-graphics-19-win.jar;C:\Users\Google Tceh\.m2\repository\org\controlsfx\controlsfx\11.1.2\controlsfx-11.1.2.jar;C:\Users\Google Tceh\.m2\repository\org\openjfx\javafx-base\19\javafx-base-19-win.jar;C:\Users\Google Tceh\.m2\repository\org\openjfx\javafx-controls\19\javafx-controls-19-win.jar;C:\Users\Google Tceh\.m2\repository\com\dlsc\formsfx\formsfx-core\11.5.0\formsfx-core-11.5.0.jar;D:\Asem\FX Project\switchSence\target\classes -Djdk.module.main=com.example.switchsence 
java_command: com.example.switchsence/com.example.switchsence.LoginExample
java_class_path (initial): C:\Users\Google Tceh\.m2\repository\org\openjfx\javafx-controls\19\javafx-controls-19.jar;C:\Users\Google Tceh\.m2\repository\org\openjfx\javafx-graphics\19\javafx-graphics-19.jar;C:\Users\Google Tceh\.m2\repository\org\openjfx\javafx-base\19\javafx-base-19.jar;C:\Users\Google Tceh\.m2\repository\org\openjfx\javafx-fxml\19\javafx-fxml-19.jar
Launcher Type: SUN_STANDARD

[Global flags]
     intx CICompilerCount                          = 4                                         {product} {ergonomic}
     uint ConcGCThreads                            = 2                                         {product} {ergonomic}
     uint G1ConcRefinementThreads                  = 8                                         {product} {ergonomic}
   size_t G1HeapRegionSize                         = 1048576                                   {product} {ergonomic}
    uintx GCDrainStackTargetSize                   = 64                                        {product} {ergonomic}
   size_t InitialHeapSize                          = 132120576                                 {product} {ergonomic}
   size_t MarkStackSize                            = 4194304                                   {product} {ergonomic}
   size_t MaxHeapSize                              = 2107637760                                {product} {ergonomic}
   size_t MaxNewSize                               = 1264582656                                {product} {ergonomic}
   size_t MinHeapDeltaBytes                        = 1048576                                   {product} {ergonomic}
   size_t MinHeapSize                              = 8388608                                   {product} {ergonomic}
    uintx NonNMethodCodeHeapSize                   = 5839372                                {pd product} {ergonomic}
    uintx NonProfiledCodeHeapSize                  = 122909434                              {pd product} {ergonomic}
    uintx ProfiledCodeHeapSize                     = 122909434                              {pd product} {ergonomic}
    uintx ReservedCodeCacheSize                    = 251658240                              {pd product} {ergonomic}
     bool SegmentedCodeCache                       = true                                      {product} {ergonomic}
   size_t SoftMaxHeapSize                          = 2107637760                             {manageable} {ergonomic}
     bool UseCompressedClassPointers               = true                           {product lp64_product} {ergonomic}
     bool UseCompressedOops                        = true                           {product lp64_product} {ergonomic}
     bool UseG1GC                                  = true                                      {product} {ergonomic}
     bool UseLargePagesIndividualAllocation        = false                                  {pd product} {ergonomic}

Logging:
Log output configuration:
 #0: stdout all=warning uptime,level,tags foldmultilines=false
 #1: stderr all=off uptime,level,tags foldmultilines=false

Environment Variables:
JAVA_HOME=C:\Users\Google Tceh\AppData\Local\Programs\Eclipse Adoptium\jdk-17.0.3.7-hotspot\
PATH=C:\Program Files\Common Files\Oracle\Java\javapath;C:\Program Files\Eclipse Adoptium\jdk-17.0.6.10-hotspot\bin;C:\Program Files\Python39\Scripts\;C:\Program Files\Python39\;C:\Users\Google Tceh\AppData\Local\Programs\Python\Python39;C:\WINDOWS\system32;C:\WINDOWS;C:\WINDOWS\System32\Wbem;C:\WINDOWS\System32\WindowsPowerShell\v1.0\;C:\WINDOWS\System32\OpenSSH\;C:\Program Files (x86)\Intel\Intel(R) Management Engine Components\DAL;C:\Program Files\Intel\Intel(R) Management Engine Components\DAL;C:\Program Files\Git\cmd;C:\Program Files\dotnet\;C:\Program Files\Microsoft SQL Server\130\Tools\Binn\;C:\Program Files\Microsoft SQL Server\Client SDK\ODBC\170\Tools\Binn\;C:\Users\Google Tceh\AppData\Local\Programs\Eclipse Adoptium\jdk-17.0.3.7-hotspot\bin;C:\Users\Google Tceh\AppData\Local\Microsoft\WindowsApps;C:\Users\Google Tceh\AppData\Local\Programs\Microsoft VS Code\bin;C:\MinGW\bin;C:\Users\Google Tceh\.dotnet\tools;C:\Program Files\JetBrains\IntelliJ IDEA Community Edition 2022.3.2\bin;;
USERNAME=osama&asem
OS=Windows_NT
PROCESSOR_IDENTIFIER=Intel64 Family 6 Model 142 Stepping 12, GenuineIntel
TMP=C:\Users\GOOGLE~1\AppData\Local\Temp
TEMP=C:\Users\GOOGLE~1\AppData\Local\Temp



---------------  S Y S T E M  ---------------

OS:
 Windows 11 , 64 bit Build 22621 (10.0.22621.1778)
OS uptime: 0 days 0:17 hours

CPU: total 8 (initial active 8) (4 cores per cpu, 2 threads per core) family 6 model 142 stepping 12 microcode 0xf4, cx8, cmov, fxsr, ht, mmx, 3dnowpref, sse, sse2, sse3, ssse3, sse4.1, sse4.2, popcnt, lzcnt, tsc, tscinvbit, avx, avx2, aes, erms, clmul, bmi1, bmi2, adx, fma, vzeroupper, clflush, clflushopt, rdtscp

Memory: 4k page, system-wide physical 8039M (1076M free)
TotalPageFile size 13927M (AvailPageFile size 4919M)
current process WorkingSet (physical memory assigned to process): 158M, peak: 163M
current process commit charge ("private bytes"): 278M, peak: 287M

vm_info: Java HotSpot(TM) 64-Bit Server VM (19.0.2+7-44) for windows-amd64 JRE (19.0.2+7-44), built on 2022-11-30T18:02:09Z by "mach5one" with MS VC++ 17.1 (VS2022)

END.
